[0.045s] Invoking command in '/home/voiture/course_2025_slam_pkgs/workspace/build/sparse_bundle_adjustment': DEBUGINFOD_URLS=https://debuginfod.ubuntu.com /usr/bin/cmake /home/voiture/course_2025_slam_pkgs/workspace/sparse_bundle_adjustment-melodic-devel -DCATKIN_INSTALL_INTO_PREFIX_ROOT=0 -DCMAKE_INSTALL_PREFIX=/home/voiture/course_2025_slam_pkgs/workspace/install/sparse_bundle_adjustment
[0.487s] [0mCMake Deprecation Warning at CMakeLists.txt:1 (cmake_minimum_required):
[0.487s]   Compatibility with CMake < 3.5 will be removed from a future version of
[0.487s]   CMake.
[0.488s] 
[0.488s]   Update the VERSION argument <min> value or use a ...<max> suffix to tell
[0.488s]   CMake that the project does not need compatibility with older versions.
[0.488s] 
[0.488s] [0m
[0.606s] [31mCMake Error at CMakeLists.txt:8 (find_package):
[0.606s]   By not providing "Findcatkin.cmake" in CMAKE_MODULE_PATH this project has
[0.606s]   asked CMake to find a package configuration file provided by "catkin", but
[0.606s]   CMake did not find one.
[0.606s] 
[0.606s]   Could not find a package configuration file provided by "catkin" with any
[0.606s]   of the following names:
[0.606s] 
[0.607s]     catkinConfig.cmake
[0.607s]     catkin-config.cmake
[0.607s] 
[0.607s]   Add the installation prefix of "catkin" to CMAKE_PREFIX_PATH or set
[0.607s]   "catkin_DIR" to a directory containing one of the above files.  If "catkin"
[0.607s]   provides a separate development package or SDK, be sure it has been
[0.607s]   installed.
[0.607s] 
[0.607s] [0m
[0.607s] -- Configuring incomplete, errors occurred!
[0.637s] Invoked command in '/home/voiture/course_2025_slam_pkgs/workspace/build/sparse_bundle_adjustment' returned '1': DEBUGINFOD_URLS=https://debuginfod.ubuntu.com /usr/bin/cmake /home/voiture/course_2025_slam_pkgs/workspace/sparse_bundle_adjustment-melodic-devel -DCATKIN_INSTALL_INTO_PREFIX_ROOT=0 -DCMAKE_INSTALL_PREFIX=/home/voiture/course_2025_slam_pkgs/workspace/install/sparse_bundle_adjustment
