-- Found ament_cmake: 2.5.3 (/opt/ros/jazzy/share/ament_cmake/cmake)
-- Found Python3: /usr/bin/python3 (found version "3.12.3") found components: Interpreter 
-- Found std_msgs: 5.3.5 (/opt/ros/jazzy/share/std_msgs/cmake)
-- Found rosidl_generator_c: 4.6.5 (/opt/ros/jazzy/share/rosidl_generator_c/cmake)
-- Found rosidl_generator_cpp: 4.6.5 (/opt/ros/jazzy/share/rosidl_generator_cpp/cmake)
-- Using all available rosidl_typesupport_c: rosidl_typesupport_fastrtps_c;rosidl_typesupport_introspection_c
-- Using all available rosidl_typesupport_cpp: rosidl_typesupport_fastrtps_cpp;rosidl_typesupport_introspection_cpp
-- Found sensor_msgs: 5.3.5 (/opt/ros/jazzy/share/sensor_msgs/cmake)
-- Found rosidl_default_generators: 1.6.0 (/opt/ros/jazzy/share/rosidl_default_generators/cmake)
-- Found rosidl_adapter: 4.6.5 (/opt/ros/jazzy/share/rosidl_adapter/cmake)
-- Found ament_cmake_ros: 0.12.0 (/opt/ros/jazzy/share/ament_cmake_ros/cmake)
-- Using all available rosidl_typesupport_c: rosidl_typesupport_fastrtps_c;rosidl_typesupport_introspection_c
-- Using all available rosidl_typesupport_cpp: rosidl_typesupport_fastrtps_cpp;rosidl_typesupport_introspection_cpp
-- Found python_cmake_module: 0.11.1 (/opt/ros/jazzy/share/python_cmake_module/cmake)
-- Found Python3: /usr/bin/python3 (found version "3.12.3") found components: Interpreter Development NumPy Development.Module Development.Embed 
-- Found ament_lint_auto: 0.17.1 (/opt/ros/jazzy/share/ament_lint_auto/cmake)
-- Added test 'lint_cmake' to check CMake code style
-- Added test 'xmllint' to check XML markup files
-- Configuring done (3.7s)
-- Generating done (0.8s)
-- Build files have been written to: /home/voiture/course_2025_slam_pkgs/workspace/build/bolide_interfaces
[  1%] Built target bolide_interfaces__rosidl_generator_type_description
[  2%] Built target ament_cmake_python_copy_bolide_interfaces
[  2%] Built target bolide_interfaces__cpp
[  6%] [32mBuilding C object CMakeFiles/bolide_interfaces__rosidl_generator_c.dir/rosidl_generator_c/bolide_interfaces/msg/detail/camera_info__type_support.c.o[0m
[  6%] [32mBuilding C object CMakeFiles/bolide_interfaces__rosidl_generator_c.dir/rosidl_generator_c/bolide_interfaces/msg/detail/camera_info__functions.c.o[0m
[  6%] [32mBuilding C object CMakeFiles/bolide_interfaces__rosidl_generator_c.dir/rosidl_generator_c/bolide_interfaces/msg/detail/camera_info__description.c.o[0m
[  8%] [32mBuilding C object CMakeFiles/bolide_interfaces__rosidl_generator_c.dir/rosidl_generator_c/bolide_interfaces/msg/detail/fork_speed__description.c.o[0m
running egg_info
writing bolide_interfaces.egg-info/PKG-INFO
writing dependency_links to bolide_interfaces.egg-info/dependency_links.txt
writing top-level names to bolide_interfaces.egg-info/top_level.txt
reading manifest file 'bolide_interfaces.egg-info/SOURCES.txt'
writing manifest file 'bolide_interfaces.egg-info/SOURCES.txt'
[  8%] Built target ament_cmake_python_build_bolide_interfaces_egg
[  9%] [32mBuilding C object CMakeFiles/bolide_interfaces__rosidl_generator_c.dir/rosidl_generator_c/bolide_interfaces/msg/detail/fork_speed__functions.c.o[0m
[ 10%] [32mBuilding C object CMakeFiles/bolide_interfaces__rosidl_generator_c.dir/rosidl_generator_c/bolide_interfaces/msg/detail/fork_speed__type_support.c.o[0m
[ 12%] [32mBuilding C object CMakeFiles/bolide_interfaces__rosidl_generator_c.dir/rosidl_generator_c/bolide_interfaces/msg/detail/multiple_range__description.c.o[0m
[ 13%] [32mBuilding C object CMakeFiles/bolide_interfaces__rosidl_generator_c.dir/rosidl_generator_c/bolide_interfaces/msg/detail/multiple_range__functions.c.o[0m
[ 14%] [32mBuilding C object CMakeFiles/bolide_interfaces__rosidl_generator_c.dir/rosidl_generator_c/bolide_interfaces/msg/detail/multiple_range__type_support.c.o[0m
[ 16%] [32mBuilding C object CMakeFiles/bolide_interfaces__rosidl_generator_c.dir/rosidl_generator_c/bolide_interfaces/msg/detail/speed_direction__description.c.o[0m
[ 17%] [32mBuilding C object CMakeFiles/bolide_interfaces__rosidl_generator_c.dir/rosidl_generator_c/bolide_interfaces/msg/detail/speed_direction__functions.c.o[0m
[ 18%] [32mBuilding C object CMakeFiles/bolide_interfaces__rosidl_generator_c.dir/rosidl_generator_c/bolide_interfaces/msg/detail/speed_direction__type_support.c.o[0m
[ 20%] [32mBuilding C object CMakeFiles/bolide_interfaces__rosidl_generator_c.dir/rosidl_generator_c/bolide_interfaces/srv/detail/launch_ekf__description.c.o[0m
[ 21%] [32mBuilding C object CMakeFiles/bolide_interfaces__rosidl_generator_c.dir/rosidl_generator_c/bolide_interfaces/srv/detail/launch_ekf__functions.c.o[0m
[ 22%] [32mBuilding C object CMakeFiles/bolide_interfaces__rosidl_generator_c.dir/rosidl_generator_c/bolide_interfaces/srv/detail/launch_ekf__type_support.c.o[0m
[ 24%] [32m[1mLinking C shared library libbolide_interfaces__rosidl_generator_c.so[0m
[ 25%] Built target bolide_interfaces__rosidl_generator_c
[ 27%] [32mBuilding C object CMakeFiles/bolide_interfaces__rosidl_typesupport_introspection_c.dir/rosidl_typesupport_introspection_c/bolide_interfaces/msg/detail/camera_info__type_support.c.o[0m
[ 28%] [32mBuilding CXX object CMakeFiles/bolide_interfaces__rosidl_typesupport_fastrtps_c.dir/rosidl_typesupport_fastrtps_c/bolide_interfaces/msg/detail/camera_info__type_support_c.cpp.o[0m
[ 29%] [32mBuilding CXX object CMakeFiles/bolide_interfaces__rosidl_typesupport_cpp.dir/rosidl_typesupport_cpp/bolide_interfaces/msg/camera_info__type_support.cpp.o[0m
[ 31%] [32mBuilding CXX object CMakeFiles/bolide_interfaces__rosidl_typesupport_fastrtps_cpp.dir/rosidl_typesupport_fastrtps_cpp/bolide_interfaces/msg/detail/dds_fastrtps/camera_info__type_support.cpp.o[0m
[ 32%] [32mBuilding C object CMakeFiles/bolide_interfaces__rosidl_typesupport_introspection_c.dir/rosidl_typesupport_introspection_c/bolide_interfaces/msg/detail/fork_speed__type_support.c.o[0m
[ 33%] [32mBuilding C object CMakeFiles/bolide_interfaces__rosidl_typesupport_introspection_c.dir/rosidl_typesupport_introspection_c/bolide_interfaces/msg/detail/multiple_range__type_support.c.o[0m
[ 35%] [32mBuilding C object CMakeFiles/bolide_interfaces__rosidl_typesupport_introspection_c.dir/rosidl_typesupport_introspection_c/bolide_interfaces/msg/detail/speed_direction__type_support.c.o[0m
[ 36%] [32mBuilding C object CMakeFiles/bolide_interfaces__rosidl_typesupport_introspection_c.dir/rosidl_typesupport_introspection_c/bolide_interfaces/srv/detail/launch_ekf__type_support.c.o[0m
[ 37%] [32m[1mLinking C shared library libbolide_interfaces__rosidl_typesupport_introspection_c.so[0m
[ 39%] Built target bolide_interfaces__rosidl_typesupport_introspection_c
[ 40%] [32mBuilding CXX object CMakeFiles/bolide_interfaces__rosidl_typesupport_c.dir/rosidl_typesupport_c/bolide_interfaces/msg/camera_info__type_support.cpp.o[0m
[ 41%] [32mBuilding CXX object CMakeFiles/bolide_interfaces__rosidl_typesupport_c.dir/rosidl_typesupport_c/bolide_interfaces/msg/fork_speed__type_support.cpp.o[0m
[ 43%] [32mBuilding CXX object CMakeFiles/bolide_interfaces__rosidl_typesupport_c.dir/rosidl_typesupport_c/bolide_interfaces/msg/multiple_range__type_support.cpp.o[0m
[ 44%] [32mBuilding CXX object CMakeFiles/bolide_interfaces__rosidl_typesupport_c.dir/rosidl_typesupport_c/bolide_interfaces/msg/speed_direction__type_support.cpp.o[0m
[ 45%] [32mBuilding CXX object CMakeFiles/bolide_interfaces__rosidl_typesupport_c.dir/rosidl_typesupport_c/bolide_interfaces/srv/launch_ekf__type_support.cpp.o[0m
[ 47%] [32mBuilding CXX object CMakeFiles/bolide_interfaces__rosidl_typesupport_cpp.dir/rosidl_typesupport_cpp/bolide_interfaces/msg/fork_speed__type_support.cpp.o[0m
[ 48%] [32m[1mLinking CXX shared library libbolide_interfaces__rosidl_typesupport_c.so[0m
[ 50%] [32mBuilding CXX object CMakeFiles/bolide_interfaces__rosidl_typesupport_fastrtps_cpp.dir/rosidl_typesupport_fastrtps_cpp/bolide_interfaces/msg/detail/dds_fastrtps/fork_speed__type_support.cpp.o[0m
[ 51%] [32mBuilding CXX object CMakeFiles/bolide_interfaces__rosidl_typesupport_fastrtps_c.dir/rosidl_typesupport_fastrtps_c/bolide_interfaces/msg/detail/fork_speed__type_support_c.cpp.o[0m
[ 52%] Built target bolide_interfaces__rosidl_typesupport_c
[ 54%] [32mBuilding CXX object CMakeFiles/bolide_interfaces__rosidl_typesupport_fastrtps_c.dir/rosidl_typesupport_fastrtps_c/bolide_interfaces/msg/detail/multiple_range__type_support_c.cpp.o[0m
[ 55%] [32mBuilding CXX object CMakeFiles/bolide_interfaces__rosidl_typesupport_cpp.dir/rosidl_typesupport_cpp/bolide_interfaces/msg/multiple_range__type_support.cpp.o[0m
[ 56%] [32mBuilding CXX object CMakeFiles/bolide_interfaces__rosidl_typesupport_introspection_cpp.dir/rosidl_typesupport_introspection_cpp/bolide_interfaces/msg/detail/camera_info__type_support.cpp.o[0m
[ 58%] [32mBuilding CXX object CMakeFiles/bolide_interfaces__rosidl_typesupport_fastrtps_cpp.dir/rosidl_typesupport_fastrtps_cpp/bolide_interfaces/msg/detail/dds_fastrtps/multiple_range__type_support.cpp.o[0m
[ 59%] [32mBuilding CXX object CMakeFiles/bolide_interfaces__rosidl_typesupport_fastrtps_c.dir/rosidl_typesupport_fastrtps_c/bolide_interfaces/msg/detail/speed_direction__type_support_c.cpp.o[0m
[ 60%] [32mBuilding CXX object CMakeFiles/bolide_interfaces__rosidl_typesupport_cpp.dir/rosidl_typesupport_cpp/bolide_interfaces/msg/speed_direction__type_support.cpp.o[0m
[ 62%] [32mBuilding CXX object CMakeFiles/bolide_interfaces__rosidl_typesupport_introspection_cpp.dir/rosidl_typesupport_introspection_cpp/bolide_interfaces/msg/detail/fork_speed__type_support.cpp.o[0m
[ 63%] [32mBuilding CXX object CMakeFiles/bolide_interfaces__rosidl_typesupport_cpp.dir/rosidl_typesupport_cpp/bolide_interfaces/srv/launch_ekf__type_support.cpp.o[0m
[ 64%] [32mBuilding CXX object CMakeFiles/bolide_interfaces__rosidl_typesupport_fastrtps_c.dir/rosidl_typesupport_fastrtps_c/bolide_interfaces/srv/detail/launch_ekf__type_support_c.cpp.o[0m
[ 66%] [32mBuilding CXX object CMakeFiles/bolide_interfaces__rosidl_typesupport_introspection_cpp.dir/rosidl_typesupport_introspection_cpp/bolide_interfaces/msg/detail/multiple_range__type_support.cpp.o[0m
[ 67%] [32mBuilding CXX object CMakeFiles/bolide_interfaces__rosidl_typesupport_fastrtps_cpp.dir/rosidl_typesupport_fastrtps_cpp/bolide_interfaces/msg/detail/dds_fastrtps/speed_direction__type_support.cpp.o[0m
[ 68%] [32m[1mLinking CXX shared library libbolide_interfaces__rosidl_typesupport_cpp.so[0m
[ 70%] Built target bolide_interfaces__rosidl_typesupport_cpp
[ 71%] [32mBuilding CXX object CMakeFiles/bolide_interfaces__rosidl_typesupport_introspection_cpp.dir/rosidl_typesupport_introspection_cpp/bolide_interfaces/msg/detail/speed_direction__type_support.cpp.o[0m
[ 72%] [32mBuilding CXX object CMakeFiles/bolide_interfaces__rosidl_typesupport_fastrtps_cpp.dir/rosidl_typesupport_fastrtps_cpp/bolide_interfaces/srv/detail/dds_fastrtps/launch_ekf__type_support.cpp.o[0m
[ 74%] [32m[1mLinking CXX shared library libbolide_interfaces__rosidl_typesupport_fastrtps_c.so[0m
[ 75%] [32mBuilding CXX object CMakeFiles/bolide_interfaces__rosidl_typesupport_introspection_cpp.dir/rosidl_typesupport_introspection_cpp/bolide_interfaces/srv/detail/launch_ekf__type_support.cpp.o[0m
[ 77%] Built target bolide_interfaces__rosidl_typesupport_fastrtps_c
[ 78%] [32m[1mLinking CXX shared library libbolide_interfaces__rosidl_typesupport_introspection_cpp.so[0m
[ 79%] [32m[1mLinking CXX shared library libbolide_interfaces__rosidl_typesupport_fastrtps_cpp.so[0m
[ 82%] Built target bolide_interfaces__rosidl_typesupport_fastrtps_cpp
[ 82%] Built target bolide_interfaces__rosidl_typesupport_introspection_cpp
[ 82%] Built target bolide_interfaces
[ 83%] Built target bolide_interfaces__py
[ 87%] [32mBuilding C object CMakeFiles/bolide_interfaces__rosidl_generator_py.dir/rosidl_generator_py/bolide_interfaces/msg/_fork_speed_s.c.o[0m
[ 87%] [32mBuilding C object CMakeFiles/bolide_interfaces__rosidl_generator_py.dir/rosidl_generator_py/bolide_interfaces/msg/_multiple_range_s.c.o[0m
[ 87%] [32mBuilding C object CMakeFiles/bolide_interfaces__rosidl_generator_py.dir/rosidl_generator_py/bolide_interfaces/msg/_camera_info_s.c.o[0m
[ 89%] [32mBuilding C object CMakeFiles/bolide_interfaces__rosidl_generator_py.dir/rosidl_generator_py/bolide_interfaces/msg/_speed_direction_s.c.o[0m
[ 90%] [32mBuilding C object CMakeFiles/bolide_interfaces__rosidl_generator_py.dir/rosidl_generator_py/bolide_interfaces/srv/_launch_ekf_s.c.o[0m
[ 91%] [32m[1mLinking C shared library libbolide_interfaces__rosidl_generator_py.so[0m
[ 91%] Built target bolide_interfaces__rosidl_generator_py
[ 93%] [32mBuilding C object CMakeFiles/bolide_interfaces_s__rosidl_typesupport_fastrtps_c.dir/rosidl_generator_py/bolide_interfaces/_bolide_interfaces_s.ep.rosidl_typesupport_fastrtps_c.c.o[0m
[ 94%] [32mBuilding C object CMakeFiles/bolide_interfaces_s__rosidl_typesupport_introspection_c.dir/rosidl_generator_py/bolide_interfaces/_bolide_interfaces_s.ep.rosidl_typesupport_introspection_c.c.o[0m
[ 95%] [32mBuilding C object CMakeFiles/bolide_interfaces_s__rosidl_typesupport_c.dir/rosidl_generator_py/bolide_interfaces/_bolide_interfaces_s.ep.rosidl_typesupport_c.c.o[0m
[ 97%] [32m[1mLinking C shared module rosidl_generator_py/bolide_interfaces/bolide_interfaces_s__rosidl_typesupport_c.so[0m
[ 98%] [32m[1mLinking C shared module rosidl_generator_py/bolide_interfaces/bolide_interfaces_s__rosidl_typesupport_introspection_c.so[0m
[100%] [32m[1mLinking C shared module rosidl_generator_py/bolide_interfaces/bolide_interfaces_s__rosidl_typesupport_fastrtps_c.so[0m
[100%] Built target bolide_interfaces_s__rosidl_typesupport_c
[100%] Built target bolide_interfaces_s__rosidl_typesupport_introspection_c
[100%] Built target bolide_interfaces_s__rosidl_typesupport_fastrtps_c
