[1.725s] Invoking command in '/home/voiture/course_2025_slam_pkgs/workspace/src/planning_bolide': CMAKE_PREFIX_PATH=/home/voiture/course_2025_slam_pkgs/workspace/install/bolide_interfaces:/home/voiture/course_2025_slam_pkgs/workspace/install/sllidar_ros2:/opt/ros/jazzy/opt/gz_math_vendor:/opt/ros/jazzy/opt/gz_utils_vendor:/opt/ros/jazzy/opt/gz_cmake_vendor DEBUGINFOD_URLS=https://debuginfod.ubuntu.com PYTHONPATH=/home/voiture/course_2025_slam_pkgs/workspace/build/planning_bolide/prefix_override:/usr/lib/python3/dist-packages/colcon_core/task/python/colcon_distutils_commands:/home/voiture/course_2025_slam_pkgs/workspace/install/planning_bolide/lib/python3.12/site-packages:/home/voiture/course_2025_slam_pkgs/workspace/install/bolide_interfaces/lib/python3.12/site-packages:/home/voiture/course_2025_slam_pkgs/workspace/install/planning_bolide/lib/python3.12/site-packages:/home/voiture/course_2025_slam_pkgs/workspace/install/perception_bolide/lib/python3.12/site-packages:/home/voiture/course_2025_slam_pkgs/workspace/install/control_bolide/lib/python3.12/site-packages:/opt/ros/jazzy/lib/python3.12/site-packages /usr/bin/python3 -W ignore:setup.py install is deprecated -W ignore:easy_install command is deprecated setup.py egg_info --egg-base ../../build/planning_bolide build --build-base /home/voiture/course_2025_slam_pkgs/workspace/build/planning_bolide/build install --record /home/voiture/course_2025_slam_pkgs/workspace/build/planning_bolide/install.log --single-version-externally-managed install_data
[2.122s] running egg_info
[2.153s] writing ../../build/planning_bolide/planning_bolide.egg-info/PKG-INFO
[2.153s] writing dependency_links to ../../build/planning_bolide/planning_bolide.egg-info/dependency_links.txt
[2.155s] writing entry points to ../../build/planning_bolide/planning_bolide.egg-info/entry_points.txt
[2.156s] writing requirements to ../../build/planning_bolide/planning_bolide.egg-info/requires.txt
[2.157s] writing top-level names to ../../build/planning_bolide/planning_bolide.egg-info/top_level.txt
[2.212s] reading manifest file '../../build/planning_bolide/planning_bolide.egg-info/SOURCES.txt'
[2.213s] adding license file 'LICENSE'
[2.214s] writing manifest file '../../build/planning_bolide/planning_bolide.egg-info/SOURCES.txt'
[2.214s] running build
[2.214s] running build_py
[2.214s] running install
[2.227s] running install_lib
[2.255s] running install_data
[2.255s] running install_egg_info
[2.283s] removing '/home/voiture/course_2025_slam_pkgs/workspace/install/planning_bolide/lib/python3.12/site-packages/planning_bolide-0.0.0-py3.12.egg-info' (and everything under it)
[2.283s] Copying ../../build/planning_bolide/planning_bolide.egg-info to /home/voiture/course_2025_slam_pkgs/workspace/install/planning_bolide/lib/python3.12/site-packages/planning_bolide-0.0.0-py3.12.egg-info
[2.285s] running install_scripts
[2.482s] Installing teleop_node script to /home/voiture/course_2025_slam_pkgs/workspace/install/planning_bolide/lib/planning_bolide
[2.483s] writing list of installed files to '/home/voiture/course_2025_slam_pkgs/workspace/build/planning_bolide/install.log'
[2.584s] Invoked command in '/home/voiture/course_2025_slam_pkgs/workspace/src/planning_bolide' returned '0': CMAKE_PREFIX_PATH=/home/voiture/course_2025_slam_pkgs/workspace/install/bolide_interfaces:/home/voiture/course_2025_slam_pkgs/workspace/install/sllidar_ros2:/opt/ros/jazzy/opt/gz_math_vendor:/opt/ros/jazzy/opt/gz_utils_vendor:/opt/ros/jazzy/opt/gz_cmake_vendor DEBUGINFOD_URLS=https://debuginfod.ubuntu.com PYTHONPATH=/home/voiture/course_2025_slam_pkgs/workspace/build/planning_bolide/prefix_override:/usr/lib/python3/dist-packages/colcon_core/task/python/colcon_distutils_commands:/home/voiture/course_2025_slam_pkgs/workspace/install/planning_bolide/lib/python3.12/site-packages:/home/voiture/course_2025_slam_pkgs/workspace/install/bolide_interfaces/lib/python3.12/site-packages:/home/voiture/course_2025_slam_pkgs/workspace/install/planning_bolide/lib/python3.12/site-packages:/home/voiture/course_2025_slam_pkgs/workspace/install/perception_bolide/lib/python3.12/site-packages:/home/voiture/course_2025_slam_pkgs/workspace/install/control_bolide/lib/python3.12/site-packages:/opt/ros/jazzy/lib/python3.12/site-packages /usr/bin/python3 -W ignore:setup.py install is deprecated -W ignore:easy_install command is deprecated setup.py egg_info --egg-base ../../build/planning_bolide build --build-base /home/voiture/course_2025_slam_pkgs/workspace/build/planning_bolide/build install --record /home/voiture/course_2025_slam_pkgs/workspace/build/planning_bolide/install.log --single-version-externally-managed install_data
