/home/voiture/course_2025_slam_pkgs/workspace/install/perception_bolide/lib/python3.12/site-packages/perception_bolide/odom_fork_imu.py
/home/voiture/course_2025_slam_pkgs/workspace/install/perception_bolide/lib/python3.12/site-packages/perception_bolide/camera_publisher.py
/home/voiture/course_2025_slam_pkgs/workspace/install/perception_bolide/lib/python3.12/site-packages/perception_bolide/processing_dbscan.py
/home/voiture/course_2025_slam_pkgs/workspace/install/perception_bolide/lib/python3.12/site-packages/perception_bolide/lidar_publisher.py
/home/voiture/course_2025_slam_pkgs/workspace/install/perception_bolide/lib/python3.12/site-packages/perception_bolide/rear_ranges_publisher.py
/home/voiture/course_2025_slam_pkgs/workspace/install/perception_bolide/lib/python3.12/site-packages/perception_bolide/db_scan.py
/home/voiture/course_2025_slam_pkgs/workspace/install/perception_bolide/lib/python3.12/site-packages/perception_bolide/lidar_process.py
/home/voiture/course_2025_slam_pkgs/workspace/install/perception_bolide/lib/python3.12/site-packages/perception_bolide/odom_fork_imu_sim.py
/home/voiture/course_2025_slam_pkgs/workspace/install/perception_bolide/lib/python3.12/site-packages/perception_bolide/lidar_vizu.py
/home/voiture/course_2025_slam_pkgs/workspace/install/perception_bolide/lib/python3.12/site-packages/perception_bolide/stm32_publisher.py
/home/voiture/course_2025_slam_pkgs/workspace/install/perception_bolide/lib/python3.12/site-packages/perception_bolide/__init__.py
/home/voiture/course_2025_slam_pkgs/workspace/install/perception_bolide/lib/python3.12/site-packages/perception_bolide/fork_publisher.py
/home/voiture/course_2025_slam_pkgs/workspace/install/perception_bolide/lib/python3.12/site-packages/perception_bolide/camera_opencv.py
/home/voiture/course_2025_slam_pkgs/workspace/install/perception_bolide/lib/python3.12/site-packages/perception_bolide/launch_ekf_map.py
/home/voiture/course_2025_slam_pkgs/workspace/install/perception_bolide/lib/python3.12/site-packages/perception_bolide/imu_publisher.py
/home/voiture/course_2025_slam_pkgs/workspace/install/perception_bolide/lib/python3.12/site-packages/perception_bolide/__pycache__/odom_fork_imu.cpython-312.pyc
/home/voiture/course_2025_slam_pkgs/workspace/install/perception_bolide/lib/python3.12/site-packages/perception_bolide/__pycache__/camera_publisher.cpython-312.pyc
/home/voiture/course_2025_slam_pkgs/workspace/install/perception_bolide/lib/python3.12/site-packages/perception_bolide/__pycache__/processing_dbscan.cpython-312.pyc
/home/voiture/course_2025_slam_pkgs/workspace/install/perception_bolide/lib/python3.12/site-packages/perception_bolide/__pycache__/lidar_publisher.cpython-312.pyc
/home/voiture/course_2025_slam_pkgs/workspace/install/perception_bolide/lib/python3.12/site-packages/perception_bolide/__pycache__/rear_ranges_publisher.cpython-312.pyc
/home/voiture/course_2025_slam_pkgs/workspace/install/perception_bolide/lib/python3.12/site-packages/perception_bolide/__pycache__/db_scan.cpython-312.pyc
/home/voiture/course_2025_slam_pkgs/workspace/install/perception_bolide/lib/python3.12/site-packages/perception_bolide/__pycache__/lidar_process.cpython-312.pyc
/home/voiture/course_2025_slam_pkgs/workspace/install/perception_bolide/lib/python3.12/site-packages/perception_bolide/__pycache__/odom_fork_imu_sim.cpython-312.pyc
/home/voiture/course_2025_slam_pkgs/workspace/install/perception_bolide/lib/python3.12/site-packages/perception_bolide/__pycache__/lidar_vizu.cpython-312.pyc
/home/voiture/course_2025_slam_pkgs/workspace/install/perception_bolide/lib/python3.12/site-packages/perception_bolide/__pycache__/stm32_publisher.cpython-312.pyc
/home/voiture/course_2025_slam_pkgs/workspace/install/perception_bolide/lib/python3.12/site-packages/perception_bolide/__pycache__/__init__.cpython-312.pyc
/home/voiture/course_2025_slam_pkgs/workspace/install/perception_bolide/lib/python3.12/site-packages/perception_bolide/__pycache__/fork_publisher.cpython-312.pyc
/home/voiture/course_2025_slam_pkgs/workspace/install/perception_bolide/lib/python3.12/site-packages/perception_bolide/__pycache__/camera_opencv.cpython-312.pyc
/home/voiture/course_2025_slam_pkgs/workspace/install/perception_bolide/lib/python3.12/site-packages/perception_bolide/__pycache__/launch_ekf_map.cpython-312.pyc
/home/voiture/course_2025_slam_pkgs/workspace/install/perception_bolide/lib/python3.12/site-packages/perception_bolide/__pycache__/imu_publisher.cpython-312.pyc
/home/voiture/course_2025_slam_pkgs/workspace/install/perception_bolide/share/ament_index/resource_index/packages/perception_bolide
/home/voiture/course_2025_slam_pkgs/workspace/install/perception_bolide/share/perception_bolide/package.xml
/home/voiture/course_2025_slam_pkgs/workspace/install/perception_bolide/lib/python3.12/site-packages/perception_bolide-0.0.0-py3.12.egg-info/dependency_links.txt
/home/voiture/course_2025_slam_pkgs/workspace/install/perception_bolide/lib/python3.12/site-packages/perception_bolide-0.0.0-py3.12.egg-info/PKG-INFO
/home/voiture/course_2025_slam_pkgs/workspace/install/perception_bolide/lib/python3.12/site-packages/perception_bolide-0.0.0-py3.12.egg-info/entry_points.txt
/home/voiture/course_2025_slam_pkgs/workspace/install/perception_bolide/lib/python3.12/site-packages/perception_bolide-0.0.0-py3.12.egg-info/requires.txt
/home/voiture/course_2025_slam_pkgs/workspace/install/perception_bolide/lib/python3.12/site-packages/perception_bolide-0.0.0-py3.12.egg-info/top_level.txt
/home/voiture/course_2025_slam_pkgs/workspace/install/perception_bolide/lib/python3.12/site-packages/perception_bolide-0.0.0-py3.12.egg-info/zip-safe
/home/voiture/course_2025_slam_pkgs/workspace/install/perception_bolide/lib/python3.12/site-packages/perception_bolide-0.0.0-py3.12.egg-info/SOURCES.txt
/home/voiture/course_2025_slam_pkgs/workspace/install/perception_bolide/lib/perception_bolide/camera_opencv
/home/voiture/course_2025_slam_pkgs/workspace/install/perception_bolide/lib/perception_bolide/camera_publisher
/home/voiture/course_2025_slam_pkgs/workspace/install/perception_bolide/lib/perception_bolide/dbscan_node
/home/voiture/course_2025_slam_pkgs/workspace/install/perception_bolide/lib/perception_bolide/fork_publisher
/home/voiture/course_2025_slam_pkgs/workspace/install/perception_bolide/lib/perception_bolide/imu_publisher
/home/voiture/course_2025_slam_pkgs/workspace/install/perception_bolide/lib/perception_bolide/launch_ekf_map
/home/voiture/course_2025_slam_pkgs/workspace/install/perception_bolide/lib/perception_bolide/lidar_process
/home/voiture/course_2025_slam_pkgs/workspace/install/perception_bolide/lib/perception_bolide/lidar_publisher
/home/voiture/course_2025_slam_pkgs/workspace/install/perception_bolide/lib/perception_bolide/lidar_vizu
/home/voiture/course_2025_slam_pkgs/workspace/install/perception_bolide/lib/perception_bolide/odom_fork_imu
/home/voiture/course_2025_slam_pkgs/workspace/install/perception_bolide/lib/perception_bolide/odom_fork_imu_sim
/home/voiture/course_2025_slam_pkgs/workspace/install/perception_bolide/lib/perception_bolide/rear_ranges_publisher
/home/voiture/course_2025_slam_pkgs/workspace/install/perception_bolide/lib/perception_bolide/stm32_publisher
