[2.144s] Invoking command in '/home/voiture/course_2025_slam_pkgs/workspace/src/control_bolide': CMAKE_PREFIX_PATH=/home/voiture/course_2025_slam_pkgs/workspace/install/bolide_interfaces:/home/voiture/course_2025_slam_pkgs/workspace/install/sllidar_ros2:/opt/ros/jazzy/opt/gz_math_vendor:/opt/ros/jazzy/opt/gz_utils_vendor:/opt/ros/jazzy/opt/gz_cmake_vendor DEBUGINFOD_URLS=https://debuginfod.ubuntu.com PYTHONPATH=/home/voiture/course_2025_slam_pkgs/workspace/build/control_bolide/prefix_override:/usr/lib/python3/dist-packages/colcon_core/task/python/colcon_distutils_commands:/home/voiture/course_2025_slam_pkgs/workspace/install/control_bolide/lib/python3.12/site-packages:/home/voiture/course_2025_slam_pkgs/workspace/install/bolide_interfaces/lib/python3.12/site-packages:/home/voiture/course_2025_slam_pkgs/workspace/install/planning_bolide/lib/python3.12/site-packages:/home/voiture/course_2025_slam_pkgs/workspace/install/perception_bolide/lib/python3.12/site-packages:/home/voiture/course_2025_slam_pkgs/workspace/install/control_bolide/lib/python3.12/site-packages:/opt/ros/jazzy/lib/python3.12/site-packages /usr/bin/python3 -W ignore:setup.py install is deprecated -W ignore:easy_install command is deprecated setup.py egg_info --egg-base ../../build/control_bolide build --build-base /home/voiture/course_2025_slam_pkgs/workspace/build/control_bolide/build install --record /home/voiture/course_2025_slam_pkgs/workspace/build/control_bolide/install.log --single-version-externally-managed install_data
[2.599s] running egg_info
[2.631s] writing ../../build/control_bolide/control_bolide.egg-info/PKG-INFO
[2.632s] writing dependency_links to ../../build/control_bolide/control_bolide.egg-info/dependency_links.txt
[2.632s] writing entry points to ../../build/control_bolide/control_bolide.egg-info/entry_points.txt
[2.633s] writing requirements to ../../build/control_bolide/control_bolide.egg-info/requires.txt
[2.634s] writing top-level names to ../../build/control_bolide/control_bolide.egg-info/top_level.txt
[2.694s] reading manifest file '../../build/control_bolide/control_bolide.egg-info/SOURCES.txt'
[2.694s] adding license file 'LICENSE'
[2.695s] writing manifest file '../../build/control_bolide/control_bolide.egg-info/SOURCES.txt'
[2.695s] running build
[2.695s] running build_py
[2.696s] running install
[2.707s] running install_lib
[2.741s] running install_data
[2.742s] running install_egg_info
[2.774s] removing '/home/voiture/course_2025_slam_pkgs/workspace/install/control_bolide/lib/python3.12/site-packages/control_bolide-0.0.0-py3.12.egg-info' (and everything under it)
[2.777s] Copying ../../build/control_bolide/control_bolide.egg-info to /home/voiture/course_2025_slam_pkgs/workspace/install/control_bolide/lib/python3.12/site-packages/control_bolide-0.0.0-py3.12.egg-info
[2.777s] running install_scripts
[3.034s] Installing ackermann_controller script to /home/voiture/course_2025_slam_pkgs/workspace/install/control_bolide/lib/control_bolide
[3.034s] Installing calibration_direction script to /home/voiture/course_2025_slam_pkgs/workspace/install/control_bolide/lib/control_bolide
[3.035s] Installing calibration_direction_copy script to /home/voiture/course_2025_slam_pkgs/workspace/install/control_bolide/lib/control_bolide
[3.035s] Installing cmd_vel_vizu script to /home/voiture/course_2025_slam_pkgs/workspace/install/control_bolide/lib/control_bolide
[3.036s] Installing obstacle_detection script to /home/voiture/course_2025_slam_pkgs/workspace/install/control_bolide/lib/control_bolide
[3.038s] Installing speed_direction_controller script to /home/voiture/course_2025_slam_pkgs/workspace/install/control_bolide/lib/control_bolide
[3.039s] Installing stanley_controller script to /home/voiture/course_2025_slam_pkgs/workspace/install/control_bolide/lib/control_bolide
[3.041s] writing list of installed files to '/home/voiture/course_2025_slam_pkgs/workspace/build/control_bolide/install.log'
[3.172s] Invoked command in '/home/voiture/course_2025_slam_pkgs/workspace/src/control_bolide' returned '0': CMAKE_PREFIX_PATH=/home/voiture/course_2025_slam_pkgs/workspace/install/bolide_interfaces:/home/voiture/course_2025_slam_pkgs/workspace/install/sllidar_ros2:/opt/ros/jazzy/opt/gz_math_vendor:/opt/ros/jazzy/opt/gz_utils_vendor:/opt/ros/jazzy/opt/gz_cmake_vendor DEBUGINFOD_URLS=https://debuginfod.ubuntu.com PYTHONPATH=/home/voiture/course_2025_slam_pkgs/workspace/build/control_bolide/prefix_override:/usr/lib/python3/dist-packages/colcon_core/task/python/colcon_distutils_commands:/home/voiture/course_2025_slam_pkgs/workspace/install/control_bolide/lib/python3.12/site-packages:/home/voiture/course_2025_slam_pkgs/workspace/install/bolide_interfaces/lib/python3.12/site-packages:/home/voiture/course_2025_slam_pkgs/workspace/install/planning_bolide/lib/python3.12/site-packages:/home/voiture/course_2025_slam_pkgs/workspace/install/perception_bolide/lib/python3.12/site-packages:/home/voiture/course_2025_slam_pkgs/workspace/install/control_bolide/lib/python3.12/site-packages:/opt/ros/jazzy/lib/python3.12/site-packages /usr/bin/python3 -W ignore:setup.py install is deprecated -W ignore:easy_install command is deprecated setup.py egg_info --egg-base ../../build/control_bolide build --build-base /home/voiture/course_2025_slam_pkgs/workspace/build/control_bolide/build install --record /home/voiture/course_2025_slam_pkgs/workspace/build/control_bolide/install.log --single-version-externally-managed install_data
