/home/voiture/course_2025_slam_pkgs/workspace/install/control_bolide/lib/python3.12/site-packages/control_bolide/calibration_direction.py
/home/voiture/course_2025_slam_pkgs/workspace/install/control_bolide/lib/python3.12/site-packages/control_bolide/calibration_direction_copy.py
/home/voiture/course_2025_slam_pkgs/workspace/install/control_bolide/lib/python3.12/site-packages/control_bolide/stanley_controller.py
/home/voiture/course_2025_slam_pkgs/workspace/install/control_bolide/lib/python3.12/site-packages/control_bolide/ackermann_controller.py
/home/voiture/course_2025_slam_pkgs/workspace/install/control_bolide/lib/python3.12/site-packages/control_bolide/obstacle_detection.py
/home/voiture/course_2025_slam_pkgs/workspace/install/control_bolide/lib/python3.12/site-packages/control_bolide/__init__.py
/home/voiture/course_2025_slam_pkgs/workspace/install/control_bolide/lib/python3.12/site-packages/control_bolide/speed_direction_controller.py
/home/voiture/course_2025_slam_pkgs/workspace/install/control_bolide/lib/python3.12/site-packages/control_bolide/cmd_vel_vizu.py
/home/voiture/course_2025_slam_pkgs/workspace/install/control_bolide/lib/python3.12/site-packages/control_bolide/__pycache__/calibration_direction.cpython-312.pyc
/home/voiture/course_2025_slam_pkgs/workspace/install/control_bolide/lib/python3.12/site-packages/control_bolide/__pycache__/calibration_direction_copy.cpython-312.pyc
/home/voiture/course_2025_slam_pkgs/workspace/install/control_bolide/lib/python3.12/site-packages/control_bolide/__pycache__/stanley_controller.cpython-312.pyc
/home/voiture/course_2025_slam_pkgs/workspace/install/control_bolide/lib/python3.12/site-packages/control_bolide/__pycache__/ackermann_controller.cpython-312.pyc
/home/voiture/course_2025_slam_pkgs/workspace/install/control_bolide/lib/python3.12/site-packages/control_bolide/__pycache__/obstacle_detection.cpython-312.pyc
/home/voiture/course_2025_slam_pkgs/workspace/install/control_bolide/lib/python3.12/site-packages/control_bolide/__pycache__/__init__.cpython-312.pyc
/home/voiture/course_2025_slam_pkgs/workspace/install/control_bolide/lib/python3.12/site-packages/control_bolide/__pycache__/speed_direction_controller.cpython-312.pyc
/home/voiture/course_2025_slam_pkgs/workspace/install/control_bolide/lib/python3.12/site-packages/control_bolide/__pycache__/cmd_vel_vizu.cpython-312.pyc
/home/voiture/course_2025_slam_pkgs/workspace/install/control_bolide/share/ament_index/resource_index/packages/control_bolide
/home/voiture/course_2025_slam_pkgs/workspace/install/control_bolide/share/control_bolide/package.xml
/home/voiture/course_2025_slam_pkgs/workspace/install/control_bolide/share/control_bolide/launch/stanley_launch.launch.py
/home/voiture/course_2025_slam_pkgs/workspace/install/control_bolide/lib/python3.12/site-packages/control_bolide-0.0.0-py3.12.egg-info/dependency_links.txt
/home/voiture/course_2025_slam_pkgs/workspace/install/control_bolide/lib/python3.12/site-packages/control_bolide-0.0.0-py3.12.egg-info/PKG-INFO
/home/voiture/course_2025_slam_pkgs/workspace/install/control_bolide/lib/python3.12/site-packages/control_bolide-0.0.0-py3.12.egg-info/entry_points.txt
/home/voiture/course_2025_slam_pkgs/workspace/install/control_bolide/lib/python3.12/site-packages/control_bolide-0.0.0-py3.12.egg-info/requires.txt
/home/voiture/course_2025_slam_pkgs/workspace/install/control_bolide/lib/python3.12/site-packages/control_bolide-0.0.0-py3.12.egg-info/top_level.txt
/home/voiture/course_2025_slam_pkgs/workspace/install/control_bolide/lib/python3.12/site-packages/control_bolide-0.0.0-py3.12.egg-info/zip-safe
/home/voiture/course_2025_slam_pkgs/workspace/install/control_bolide/lib/python3.12/site-packages/control_bolide-0.0.0-py3.12.egg-info/SOURCES.txt
/home/voiture/course_2025_slam_pkgs/workspace/install/control_bolide/lib/control_bolide/ackermann_controller
/home/voiture/course_2025_slam_pkgs/workspace/install/control_bolide/lib/control_bolide/calibration_direction
/home/voiture/course_2025_slam_pkgs/workspace/install/control_bolide/lib/control_bolide/calibration_direction_copy
/home/voiture/course_2025_slam_pkgs/workspace/install/control_bolide/lib/control_bolide/cmd_vel_vizu
/home/voiture/course_2025_slam_pkgs/workspace/install/control_bolide/lib/control_bolide/obstacle_detection
/home/voiture/course_2025_slam_pkgs/workspace/install/control_bolide/lib/control_bolide/speed_direction_controller
/home/voiture/course_2025_slam_pkgs/workspace/install/control_bolide/lib/control_bolide/stanley_controller
