[0.051s] Invoking command in '/home/voiture/course_2025_slam_pkgs/workspace/build/sparse_bundle_adjustment': DEBUGINFOD_URLS=https://debuginfod.ubuntu.com /usr/bin/cmake /home/voiture/course_2025_slam_pkgs/workspace/sparse_bundle_adjustment-melodic-devel -DCATKIN_INSTALL_INTO_PREFIX_ROOT=0 -DCMAKE_INSTALL_PREFIX=/home/voiture/course_2025_slam_pkgs/workspace/install/sparse_bundle_adjustment
[0.484s] [0mCMake Deprecation Warning at CMakeLists.txt:1 (cmake_minimum_required):
[0.484s]   Compatibility with CMake < 3.5 will be removed from a future version of
[0.485s]   CMake.
[0.485s] 
[0.485s]   Update the VERSION argument <min> value or use a ...<max> suffix to tell
[0.485s]   CMake that the project does not need compatibility with older versions.
[0.485s] 
[0.485s] [0m
[1.973s] -- The C compiler identification is GNU 13.3.0
[3.121s] -- The CXX compiler identification is GNU 13.3.0
[3.191s] -- Detecting C compiler ABI info
[3.474s] -- Detecting C compiler ABI info - done
[3.490s] -- Check for working C compiler: /usr/bin/cc - skipped
[3.496s] -- Detecting C compile features
[3.496s] -- Detecting C compile features - done
[3.521s] -- Detecting CXX compiler ABI info
[3.776s] -- Detecting CXX compiler ABI info - done
[3.803s] -- Check for working CXX compiler: /usr/bin/c++ - skipped
[3.807s] -- Detecting CXX compile features
[3.807s] -- Detecting CXX compile features - done
[3.837s] [31mCMake Error at CMakeLists.txt:8 (find_package):
[3.837s]   By not providing "Findcatkin.cmake" in CMAKE_MODULE_PATH this project has
[3.837s]   asked CMake to find a package configuration file provided by "catkin", but
[3.837s]   CMake did not find one.
[3.837s] 
[3.838s]   Could not find a package configuration file provided by "catkin" with any
[3.838s]   of the following names:
[3.838s] 
[3.839s]     catkinConfig.cmake
[3.839s]     catkin-config.cmake
[3.839s] 
[3.839s]   Add the installation prefix of "catkin" to CMAKE_PREFIX_PATH or set
[3.839s]   "catkin_DIR" to a directory containing one of the above files.  If "catkin"
[3.840s]   provides a separate development package or SDK, be sure it has been
[3.840s]   installed.
[3.840s] 
[3.840s] [0m
[3.842s] -- Configuring incomplete, errors occurred!
[3.849s] Invoked command in '/home/voiture/course_2025_slam_pkgs/workspace/build/sparse_bundle_adjustment' returned '1': DEBUGINFOD_URLS=https://debuginfod.ubuntu.com /usr/bin/cmake /home/voiture/course_2025_slam_pkgs/workspace/sparse_bundle_adjustment-melodic-devel -DCATKIN_INSTALL_INTO_PREFIX_ROOT=0 -DCMAKE_INSTALL_PREFIX=/home/voiture/course_2025_slam_pkgs/workspace/install/sparse_bundle_adjustment
