[0.054s] Invoking command in '/home/voiture/course_2025_slam_pkgs/workspace/build/rplidar_ros': DEBUGINFOD_URLS=https://debuginfod.ubuntu.com /usr/bin/cmake /home/voiture/course_2025_slam_pkgs/workspace/rplidar_ros-master -DCATKIN_INSTALL_INTO_PREFIX_ROOT=0 -DCMAKE_INSTALL_PREFIX=/home/voiture/course_2025_slam_pkgs/workspace/install/rplidar_ros
[0.480s] [0mCMake Deprecation Warning at CMakeLists.txt:1 (cmake_minimum_required):
[0.480s]   Compatibility with CMake < 3.5 will be removed from a future version of
[0.481s]   CMake.
[0.481s] 
[0.481s]   Update the VERSION argument <min> value or use a ...<max> suffix to tell
[0.481s]   CMake that the project does not need compatibility with older versions.
[0.481s] 
[0.481s] [0m
[0.599s] [31mCMake Error at CMakeLists.txt:16 (find_package):
[0.599s]   By not providing "Findcatkin.cmake" in CMAKE_MODULE_PATH this project has
[0.599s]   asked CMake to find a package configuration file provided by "catkin", but
[0.599s]   CMake did not find one.
[0.599s] 
[0.599s]   Could not find a package configuration file provided by "catkin" with any
[0.599s]   of the following names:
[0.600s] 
[0.600s]     catkinConfig.cmake
[0.600s]     catkin-config.cmake
[0.600s] 
[0.600s]   Add the installation prefix of "catkin" to CMAKE_PREFIX_PATH or set
[0.600s]   "catkin_DIR" to a directory containing one of the above files.  If "catkin"
[0.600s]   provides a separate development package or SDK, be sure it has been
[0.600s]   installed.
[0.600s] 
[0.600s] [0m
[0.602s] -- Configuring incomplete, errors occurred!
[0.634s] Invoked command in '/home/voiture/course_2025_slam_pkgs/workspace/build/rplidar_ros' returned '1': DEBUGINFOD_URLS=https://debuginfod.ubuntu.com /usr/bin/cmake /home/voiture/course_2025_slam_pkgs/workspace/rplidar_ros-master -DCATKIN_INSTALL_INTO_PREFIX_ROOT=0 -DCMAKE_INSTALL_PREFIX=/home/voiture/course_2025_slam_pkgs/workspace/install/rplidar_ros
