[0.017s] Invoking command in '/home/voiture/course_2025_slam_pkgs/workspace/build/bolide_interfaces': CMAKE_PREFIX_PATH=${CMAKE_PREFIX_PATH}:/opt/ros/jazzy DEBUGINFOD_URLS=https://debuginfod.ubuntu.com /usr/bin/cmake /home/voiture/course_2025_slam_pkgs/workspace/src/bolide_interfaces -DCMAKE_INSTALL_PREFIX=/home/voiture/course_2025_slam_pkgs/workspace/install/bolide_interfaces
[0.045s] -- Found ament_cmake: 2.5.3 (/opt/ros/jazzy/share/ament_cmake/cmake)
[0.583s] -- Found std_msgs: 5.3.5 (/opt/ros/jazzy/share/std_msgs/cmake)
[0.621s] -- Found rosidl_generator_c: 4.6.5 (/opt/ros/jazzy/share/rosidl_generator_c/cmake)
[0.635s] -- Found rosidl_generator_cpp: 4.6.5 (/opt/ros/jazzy/share/rosidl_generator_cpp/cmake)
[0.654s] -- Using all available rosidl_typesupport_c: rosidl_typesupport_fastrtps_c;rosidl_typesupport_introspection_c
[0.677s] -- Using all available rosidl_typesupport_cpp: rosidl_typesupport_fastrtps_cpp;rosidl_typesupport_introspection_cpp
[0.722s] -- Found sensor_msgs: 5.3.5 (/opt/ros/jazzy/share/sensor_msgs/cmake)
[0.795s] -- Found rosidl_default_generators: 1.6.0 (/opt/ros/jazzy/share/rosidl_default_generators/cmake)
[0.808s] -- Found rosidl_adapter: 4.6.5 (/opt/ros/jazzy/share/rosidl_adapter/cmake)
[1.409s] [31mCMake Error at /opt/ros/jazzy/share/rosidl_adapter/cmake/rosidl_adapt_interfaces.cmake:57 (message):
[1.409s]   execute_process(/usr/bin/python3 -m rosidl_adapter --package-name
[1.409s]   bolide_interfaces --arguments-file
[1.409s]   /home/voiture/course_2025_slam_pkgs/workspace/build/bolide_interfaces/rosidl_adapter__arguments__bolide_interfaces.json
[1.409s]   --output-dir
[1.409s]   /home/voiture/course_2025_slam_pkgs/workspace/build/bolide_interfaces/rosidl_adapter/bolide_interfaces
[1.410s]   --output-file
[1.410s]   /home/voiture/course_2025_slam_pkgs/workspace/build/bolide_interfaces/rosidl_adapter/bolide_interfaces.idls)
[1.410s]   returned error code 1:
[1.410s] 
[1.410s]   Error processing 'sensor_msgs/Range IR_rear_left' of
[1.410s]   'bolide_interfaces/MultipleRange': ''IR_rear_left' is an invalid field
[1.410s]   name.  It should have the pattern '^(?!.*__)(?!.*_$)[a-z][a-z0-9_]*$''
[1.411s] 
[1.411s]   Traceback (most recent call last):
[1.411s] 
[1.411s]     File "<frozen runpy>", line 198, in _run_module_as_main
[1.411s]     File "<frozen runpy>", line 88, in _run_code
[1.411s]     File "/opt/ros/jazzy/lib/python3.12/site-packages/rosidl_adapter/__main__.py", line 19, in <module>
[1.411s]       sys.exit(main())
[1.412s]                ^^^^^^
[1.412s]     File "/opt/ros/jazzy/lib/python3.12/site-packages/rosidl_adapter/main.py", line 53, in main
[1.412s]       abs_idl_file = convert_to_idl(
[1.412s]                      ^^^^^^^^^^^^^^^
[1.412s]     File "/opt/ros/jazzy/lib/python3.12/site-packages/rosidl_adapter/__init__.py", line 19, in convert_to_idl
[1.413s]       return convert_msg_to_idl(
[1.413s]              ^^^^^^^^^^^^^^^^^^^
[1.413s]     File "/opt/ros/jazzy/lib/python3.12/site-packages/rosidl_adapter/msg/__init__.py", line 28, in convert_msg_to_idl
[1.413s]       msg = parse_message_string(package_name, input_file.stem, content)
[1.413s]             ^^^^^^^^^^^^^^^^^^^^^^^^^^^^^^^^^^^^^^^^^^^^^^^^^^^^^^^^^^^^
[1.414s]     File "/opt/ros/jazzy/lib/python3.12/site-packages/rosidl_adapter/parser.py", line 520, in parse_message_string
[1.414s]       fields.append(Field(
[1.414s]                     ^^^^^^
[1.414s]     File "/opt/ros/jazzy/lib/python3.12/site-packages/rosidl_adapter/parser.py", line 355, in __init__
[1.414s]       raise NameError(
[1.414s] 
[1.414s]   NameError: 'IR_rear_left' is an invalid field name.  It should have the
[1.415s]   pattern '^(?!.*__)(?!.*_$)[a-z][a-z0-9_]*$'
[1.415s] 
[1.415s] Call Stack (most recent call first):
[1.415s]   /opt/ros/jazzy/share/rosidl_cmake/cmake/rosidl_generate_interfaces.cmake:132 (rosidl_adapt_interfaces)
[1.415s]   CMakeLists.txt:17 (rosidl_generate_interfaces)
[1.416s] 
[1.416s] [0m
[1.416s] -- Configuring incomplete, errors occurred!
[1.427s] Invoked command in '/home/voiture/course_2025_slam_pkgs/workspace/build/bolide_interfaces' returned '1': CMAKE_PREFIX_PATH=${CMAKE_PREFIX_PATH}:/opt/ros/jazzy DEBUGINFOD_URLS=https://debuginfod.ubuntu.com /usr/bin/cmake /home/voiture/course_2025_slam_pkgs/workspace/src/bolide_interfaces -DCMAKE_INSTALL_PREFIX=/home/voiture/course_2025_slam_pkgs/workspace/install/bolide_interfaces
