running egg_info
writing ../../build/perception_bolide/perception_bolide.egg-info/PKG-INFO
writing dependency_links to ../../build/perception_bolide/perception_bolide.egg-info/dependency_links.txt
writing entry points to ../../build/perception_bolide/perception_bolide.egg-info/entry_points.txt
writing requirements to ../../build/perception_bolide/perception_bolide.egg-info/requires.txt
writing top-level names to ../../build/perception_bolide/perception_bolide.egg-info/top_level.txt
reading manifest file '../../build/perception_bolide/perception_bolide.egg-info/SOURCES.txt'
adding license file 'LICENSE'
writing manifest file '../../build/perception_bolide/perception_bolide.egg-info/SOURCES.txt'
running build
running build_py
copying perception_bolide/stm32_publisher.py -> /home/voiture/course_2025_slam_pkgs/workspace/build/perception_bolide/build/lib/perception_bolide
running install
running install_lib
copying /home/voiture/course_2025_slam_pkgs/workspace/build/perception_bolide/build/lib/perception_bolide/stm32_publisher.py -> /home/voiture/course_2025_slam_pkgs/workspace/install/perception_bolide/lib/python3.12/site-packages/perception_bolide
byte-compiling /home/voiture/course_2025_slam_pkgs/workspace/install/perception_bolide/lib/python3.12/site-packages/perception_bolide/stm32_publisher.py to stm32_publisher.cpython-312.pyc
running install_data
running install_egg_info
removing '/home/voiture/course_2025_slam_pkgs/workspace/install/perception_bolide/lib/python3.12/site-packages/perception_bolide-0.0.0-py3.12.egg-info' (and everything under it)
Copying ../../build/perception_bolide/perception_bolide.egg-info to /home/voiture/course_2025_slam_pkgs/workspace/install/perception_bolide/lib/python3.12/site-packages/perception_bolide-0.0.0-py3.12.egg-info
running install_scripts
Installing stm32_publisher script to /home/voiture/course_2025_slam_pkgs/workspace/install/perception_bolide/lib/perception_bolide
writing list of installed files to '/home/voiture/course_2025_slam_pkgs/workspace/build/perception_bolide/install.log'
