[0.017s] Invoking command in '/home/voiture/course_2025_slam_pkgs/workspace/build/bolide_interfaces': CMAKE_PREFIX_PATH=${CMAKE_PREFIX_PATH}:/opt/ros/jazzy DEBUGINFOD_URLS=https://debuginfod.ubuntu.com /usr/bin/cmake /home/voiture/course_2025_slam_pkgs/workspace/src/bolide_interfaces -DCMAKE_INSTALL_PREFIX=/home/voiture/course_2025_slam_pkgs/workspace/install/bolide_interfaces
[0.047s] -- Found ament_cmake: 2.5.3 (/opt/ros/jazzy/share/ament_cmake/cmake)
[0.575s] -- Found std_msgs: 5.3.5 (/opt/ros/jazzy/share/std_msgs/cmake)
[0.614s] -- Found rosidl_generator_c: 4.6.5 (/opt/ros/jazzy/share/rosidl_generator_c/cmake)
[0.629s] -- Found rosidl_generator_cpp: 4.6.5 (/opt/ros/jazzy/share/rosidl_generator_cpp/cmake)
[0.647s] -- Using all available rosidl_typesupport_c: rosidl_typesupport_fastrtps_c;rosidl_typesupport_introspection_c
[0.669s] -- Using all available rosidl_typesupport_cpp: rosidl_typesupport_fastrtps_cpp;rosidl_typesupport_introspection_cpp
[0.713s] -- Found sensor_msgs: 5.3.5 (/opt/ros/jazzy/share/sensor_msgs/cmake)
[0.783s] -- Found rosidl_default_generators: 1.6.0 (/opt/ros/jazzy/share/rosidl_default_generators/cmake)
[0.794s] -- Found rosidl_adapter: 4.6.5 (/opt/ros/jazzy/share/rosidl_adapter/cmake)
[2.215s] -- Found ament_cmake_ros: 0.12.0 (/opt/ros/jazzy/share/ament_cmake_ros/cmake)
[4.138s] -- Using all available rosidl_typesupport_c: rosidl_typesupport_fastrtps_c;rosidl_typesupport_introspection_c
[4.876s] -- Using all available rosidl_typesupport_cpp: rosidl_typesupport_fastrtps_cpp;rosidl_typesupport_introspection_cpp
[4.884s] -- Found python_cmake_module: 0.11.1 (/opt/ros/jazzy/share/python_cmake_module/cmake)
[5.175s] -- Found PythonExtra: /usr/bin/python3  
[6.728s] -- Found Python3: /usr/bin/python3 (found version "3.12.3") found components: Interpreter Development NumPy Development.Module Development.Embed 
[6.912s] -- Found ament_lint_auto: 0.17.1 (/opt/ros/jazzy/share/ament_lint_auto/cmake)
[6.977s] -- Added test 'lint_cmake' to check CMake code style
[6.982s] -- Added test 'xmllint' to check XML markup files
[6.991s] -- Configuring done (7.0s)
[7.091s] -- Generating done (0.1s)
[7.116s] -- Build files have been written to: /home/voiture/course_2025_slam_pkgs/workspace/build/bolide_interfaces
[7.151s] Invoked command in '/home/voiture/course_2025_slam_pkgs/workspace/build/bolide_interfaces' returned '0': CMAKE_PREFIX_PATH=${CMAKE_PREFIX_PATH}:/opt/ros/jazzy DEBUGINFOD_URLS=https://debuginfod.ubuntu.com /usr/bin/cmake /home/voiture/course_2025_slam_pkgs/workspace/src/bolide_interfaces -DCMAKE_INSTALL_PREFIX=/home/voiture/course_2025_slam_pkgs/workspace/install/bolide_interfaces
[7.155s] Invoking command in '/home/voiture/course_2025_slam_pkgs/workspace/build/bolide_interfaces': CMAKE_PREFIX_PATH=${CMAKE_PREFIX_PATH}:/opt/ros/jazzy DEBUGINFOD_URLS=https://debuginfod.ubuntu.com /usr/bin/cmake --build /home/voiture/course_2025_slam_pkgs/workspace/build/bolide_interfaces -- -j4 -l4
[7.283s] [  1%] [34m[1mGenerating type hashes for ROS interfaces[0m
[7.313s] [  1%] Built target ament_cmake_python_copy_bolide_interfaces
[7.767s] running egg_info
[7.769s] creating bolide_interfaces.egg-info
[7.813s] writing bolide_interfaces.egg-info/PKG-INFO
[7.814s] writing dependency_links to bolide_interfaces.egg-info/dependency_links.txt
[7.814s] writing top-level names to bolide_interfaces.egg-info/top_level.txt
[7.815s] writing manifest file 'bolide_interfaces.egg-info/SOURCES.txt'
[7.831s] [  1%] Built target bolide_interfaces__rosidl_generator_type_description
[7.859s] [  3%] [34m[1mGenerating C code for ROS interfaces[0m
[7.888s] [  5%] [34m[1mGenerating C++ code for ROS interfaces[0m
[7.946s] reading manifest file 'bolide_interfaces.egg-info/SOURCES.txt'
[7.947s] writing manifest file 'bolide_interfaces.egg-info/SOURCES.txt'
[8.104s] [  5%] Built target ament_cmake_python_build_bolide_interfaces_egg
[8.705s] [  5%] Built target bolide_interfaces__cpp
[8.841s] [  7%] [32mBuilding C object CMakeFiles/bolide_interfaces__rosidl_generator_c.dir/rosidl_generator_c/bolide_interfaces/msg/detail/camera_info__functions.c.o[0m
[8.844s] [  9%] [32mBuilding C object CMakeFiles/bolide_interfaces__rosidl_generator_c.dir/rosidl_generator_c/bolide_interfaces/msg/detail/camera_info__description.c.o[0m
[8.848s] [ 11%] [32mBuilding C object CMakeFiles/bolide_interfaces__rosidl_generator_c.dir/rosidl_generator_c/bolide_interfaces/msg/detail/fork_speed__description.c.o[0m
[8.849s] [ 12%] [32mBuilding C object CMakeFiles/bolide_interfaces__rosidl_generator_c.dir/rosidl_generator_c/bolide_interfaces/msg/detail/camera_info__type_support.c.o[0m
[9.009s] [ 14%] [32mBuilding C object CMakeFiles/bolide_interfaces__rosidl_generator_c.dir/rosidl_generator_c/bolide_interfaces/msg/detail/fork_speed__functions.c.o[0m
[9.055s] [ 16%] [32mBuilding C object CMakeFiles/bolide_interfaces__rosidl_generator_c.dir/rosidl_generator_c/bolide_interfaces/msg/detail/fork_speed__type_support.c.o[0m
[9.086s] [ 18%] [32mBuilding C object CMakeFiles/bolide_interfaces__rosidl_generator_c.dir/rosidl_generator_c/bolide_interfaces/msg/detail/multiple_range__description.c.o[0m
[9.158s] [ 20%] [32mBuilding C object CMakeFiles/bolide_interfaces__rosidl_generator_c.dir/rosidl_generator_c/bolide_interfaces/msg/detail/multiple_range__functions.c.o[0m
[9.159s] [ 22%] [32mBuilding C object CMakeFiles/bolide_interfaces__rosidl_generator_c.dir/rosidl_generator_c/bolide_interfaces/msg/detail/multiple_range__type_support.c.o[0m
[9.279s] [ 24%] [32m[1mLinking C shared library libbolide_interfaces__rosidl_generator_c.so[0m
[9.439s] [ 24%] Built target bolide_interfaces__rosidl_generator_c
[9.476s] [ 25%] [34m[1mGenerating C++ type support dispatch for ROS interfaces[0m
[9.477s] [ 27%] [34m[1mGenerating C introspection for ROS interfaces[0m
[9.482s] [ 29%] [34m[1mGenerating C type support for eProsima Fast-RTPS[0m
[9.482s] [ 31%] [34m[1mGenerating C++ type support for eProsima Fast-RTPS[0m
[10.618s] [ 33%] [32mBuilding CXX object CMakeFiles/bolide_interfaces__rosidl_typesupport_cpp.dir/rosidl_typesupport_cpp/bolide_interfaces/msg/camera_info__type_support.cpp.o[0m
[10.801s] [ 35%] [32mBuilding C object CMakeFiles/bolide_interfaces__rosidl_typesupport_introspection_c.dir/rosidl_typesupport_introspection_c/bolide_interfaces/msg/detail/camera_info__type_support.c.o[0m
[10.864s] [ 37%] [32mBuilding CXX object CMakeFiles/bolide_interfaces__rosidl_typesupport_fastrtps_cpp.dir/rosidl_typesupport_fastrtps_cpp/bolide_interfaces/msg/detail/dds_fastrtps/camera_info__type_support.cpp.o[0m
[10.872s] [ 38%] [32mBuilding CXX object CMakeFiles/bolide_interfaces__rosidl_typesupport_fastrtps_c.dir/rosidl_typesupport_fastrtps_c/bolide_interfaces/msg/detail/camera_info__type_support_c.cpp.o[0m
[10.936s] [ 40%] [32mBuilding C object CMakeFiles/bolide_interfaces__rosidl_typesupport_introspection_c.dir/rosidl_typesupport_introspection_c/bolide_interfaces/msg/detail/fork_speed__type_support.c.o[0m
[11.063s] [ 42%] [32mBuilding C object CMakeFiles/bolide_interfaces__rosidl_typesupport_introspection_c.dir/rosidl_typesupport_introspection_c/bolide_interfaces/msg/detail/multiple_range__type_support.c.o[0m
[11.204s] [ 44%] [32m[1mLinking C shared library libbolide_interfaces__rosidl_typesupport_introspection_c.so[0m
[11.394s] [ 44%] Built target bolide_interfaces__rosidl_typesupport_introspection_c
[11.461s] [ 46%] [34m[1mGenerating C type support dispatch for ROS interfaces[0m
[12.175s] [ 48%] [32mBuilding CXX object CMakeFiles/bolide_interfaces__rosidl_typesupport_cpp.dir/rosidl_typesupport_cpp/bolide_interfaces/msg/fork_speed__type_support.cpp.o[0m
[12.537s] [ 50%] [32mBuilding CXX object CMakeFiles/bolide_interfaces__rosidl_typesupport_c.dir/rosidl_typesupport_c/bolide_interfaces/msg/camera_info__type_support.cpp.o[0m
[12.697s] [ 51%] [32mBuilding CXX object CMakeFiles/bolide_interfaces__rosidl_typesupport_fastrtps_c.dir/rosidl_typesupport_fastrtps_c/bolide_interfaces/msg/detail/fork_speed__type_support_c.cpp.o[0m
[12.709s] [ 53%] [32mBuilding CXX object CMakeFiles/bolide_interfaces__rosidl_typesupport_c.dir/rosidl_typesupport_c/bolide_interfaces/msg/fork_speed__type_support.cpp.o[0m
[12.709s] [ 55%] [32mBuilding CXX object CMakeFiles/bolide_interfaces__rosidl_typesupport_fastrtps_cpp.dir/rosidl_typesupport_fastrtps_cpp/bolide_interfaces/msg/detail/dds_fastrtps/fork_speed__type_support.cpp.o[0m
[12.852s] [ 57%] [32mBuilding CXX object CMakeFiles/bolide_interfaces__rosidl_typesupport_c.dir/rosidl_typesupport_c/bolide_interfaces/msg/multiple_range__type_support.cpp.o[0m
[13.012s] [ 59%] [32m[1mLinking CXX shared library libbolide_interfaces__rosidl_typesupport_c.so[0m
[13.221s] [ 59%] Built target bolide_interfaces__rosidl_typesupport_c
[13.258s] [ 61%] [32mBuilding CXX object CMakeFiles/bolide_interfaces__rosidl_typesupport_fastrtps_c.dir/rosidl_typesupport_fastrtps_c/bolide_interfaces/msg/detail/multiple_range__type_support_c.cpp.o[0m
[13.412s] [ 62%] [32mBuilding CXX object CMakeFiles/bolide_interfaces__rosidl_typesupport_cpp.dir/rosidl_typesupport_cpp/bolide_interfaces/msg/multiple_range__type_support.cpp.o[0m
[14.375s] [ 64%] [32mBuilding CXX object CMakeFiles/bolide_interfaces__rosidl_typesupport_fastrtps_cpp.dir/rosidl_typesupport_fastrtps_cpp/bolide_interfaces/msg/detail/dds_fastrtps/multiple_range__type_support.cpp.o[0m
[14.684s] [ 66%] [32m[1mLinking CXX shared library libbolide_interfaces__rosidl_typesupport_cpp.so[0m
[14.711s] [ 68%] [34m[1mGenerating C++ introspection for ROS interfaces[0m
[14.889s] [ 68%] Built target bolide_interfaces__rosidl_typesupport_cpp
[15.059s] [ 70%] [32m[1mLinking CXX shared library libbolide_interfaces__rosidl_typesupport_fastrtps_c.so[0m
[15.406s] [ 70%] Built target bolide_interfaces__rosidl_typesupport_fastrtps_c
[15.589s] [ 74%] [32mBuilding CXX object CMakeFiles/bolide_interfaces__rosidl_typesupport_introspection_cpp.dir/rosidl_typesupport_introspection_cpp/bolide_interfaces/msg/detail/camera_info__type_support.cpp.o[0m
[15.590s] [ 74%] [32mBuilding CXX object CMakeFiles/bolide_interfaces__rosidl_typesupport_introspection_cpp.dir/rosidl_typesupport_introspection_cpp/bolide_interfaces/msg/detail/fork_speed__type_support.cpp.o[0m
[15.592s] [ 75%] [32mBuilding CXX object CMakeFiles/bolide_interfaces__rosidl_typesupport_introspection_cpp.dir/rosidl_typesupport_introspection_cpp/bolide_interfaces/msg/detail/multiple_range__type_support.cpp.o[0m
[16.100s] [ 77%] [32m[1mLinking CXX shared library libbolide_interfaces__rosidl_typesupport_fastrtps_cpp.so[0m
[16.587s] [ 77%] Built target bolide_interfaces__rosidl_typesupport_fastrtps_cpp
[16.921s] [ 79%] [32m[1mLinking CXX shared library libbolide_interfaces__rosidl_typesupport_introspection_cpp.so[0m
[17.301s] [ 79%] Built target bolide_interfaces__rosidl_typesupport_introspection_cpp
[17.384s] [ 79%] Built target bolide_interfaces
[17.459s] [ 81%] [34m[1mGenerating Python code for ROS interfaces[0m
[18.248s] [ 81%] Built target bolide_interfaces__py
[18.303s] [ 87%] [32mBuilding C object CMakeFiles/bolide_interfaces__rosidl_generator_py.dir/rosidl_generator_py/bolide_interfaces/msg/_fork_speed_s.c.o[0m
[18.304s] [ 87%] [32mBuilding C object CMakeFiles/bolide_interfaces__rosidl_generator_py.dir/rosidl_generator_py/bolide_interfaces/msg/_multiple_range_s.c.o[0m
[18.304s] [ 87%] [32mBuilding C object CMakeFiles/bolide_interfaces__rosidl_generator_py.dir/rosidl_generator_py/bolide_interfaces/msg/_camera_info_s.c.o[0m
[18.775s] [ 88%] [32m[1mLinking C shared library libbolide_interfaces__rosidl_generator_py.so[0m
[18.927s] [ 88%] Built target bolide_interfaces__rosidl_generator_py
[18.982s] [ 94%] [32mBuilding C object CMakeFiles/bolide_interfaces_s__rosidl_typesupport_c.dir/rosidl_generator_py/bolide_interfaces/_bolide_interfaces_s.ep.rosidl_typesupport_c.c.o[0m
[18.982s] [ 94%] [32mBuilding C object CMakeFiles/bolide_interfaces_s__rosidl_typesupport_fastrtps_c.dir/rosidl_generator_py/bolide_interfaces/_bolide_interfaces_s.ep.rosidl_typesupport_fastrtps_c.c.o[0m
[18.983s] [ 94%] [32mBuilding C object CMakeFiles/bolide_interfaces_s__rosidl_typesupport_introspection_c.dir/rosidl_generator_py/bolide_interfaces/_bolide_interfaces_s.ep.rosidl_typesupport_introspection_c.c.o[0m
[19.269s] [ 96%] [32m[1mLinking C shared module rosidl_generator_py/bolide_interfaces/bolide_interfaces_s__rosidl_typesupport_c.so[0m
[19.271s] [ 98%] [32m[1mLinking C shared module rosidl_generator_py/bolide_interfaces/bolide_interfaces_s__rosidl_typesupport_fastrtps_c.so[0m
[19.276s] [100%] [32m[1mLinking C shared module rosidl_generator_py/bolide_interfaces/bolide_interfaces_s__rosidl_typesupport_introspection_c.so[0m
[19.397s] [100%] Built target bolide_interfaces_s__rosidl_typesupport_c
[19.415s] [100%] Built target bolide_interfaces_s__rosidl_typesupport_introspection_c
[19.420s] [100%] Built target bolide_interfaces_s__rosidl_typesupport_fastrtps_c
[19.453s] Invoked command in '/home/voiture/course_2025_slam_pkgs/workspace/build/bolide_interfaces' returned '0': CMAKE_PREFIX_PATH=${CMAKE_PREFIX_PATH}:/opt/ros/jazzy DEBUGINFOD_URLS=https://debuginfod.ubuntu.com /usr/bin/cmake --build /home/voiture/course_2025_slam_pkgs/workspace/build/bolide_interfaces -- -j4 -l4
[19.485s] Invoking command in '/home/voiture/course_2025_slam_pkgs/workspace/build/bolide_interfaces': CMAKE_PREFIX_PATH=${CMAKE_PREFIX_PATH}:/opt/ros/jazzy DEBUGINFOD_URLS=https://debuginfod.ubuntu.com /usr/bin/cmake --install /home/voiture/course_2025_slam_pkgs/workspace/build/bolide_interfaces
[19.506s] -- Install configuration: ""
[19.506s] -- Installing: /home/voiture/course_2025_slam_pkgs/workspace/install/bolide_interfaces/share/ament_index/resource_index/rosidl_interfaces/bolide_interfaces
[19.506s] -- Installing: /home/voiture/course_2025_slam_pkgs/workspace/install/bolide_interfaces/share/bolide_interfaces/msg/CameraInfo.json
[19.506s] -- Installing: /home/voiture/course_2025_slam_pkgs/workspace/install/bolide_interfaces/share/bolide_interfaces/msg/ForkSpeed.json
[19.507s] -- Installing: /home/voiture/course_2025_slam_pkgs/workspace/install/bolide_interfaces/share/bolide_interfaces/msg/MultipleRange.json
[19.507s] -- Installing: /home/voiture/course_2025_slam_pkgs/workspace/install/bolide_interfaces/include/bolide_interfaces/bolide_interfaces
[19.507s] -- Installing: /home/voiture/course_2025_slam_pkgs/workspace/install/bolide_interfaces/include/bolide_interfaces/bolide_interfaces/msg
[19.507s] -- Installing: /home/voiture/course_2025_slam_pkgs/workspace/install/bolide_interfaces/include/bolide_interfaces/bolide_interfaces/msg/camera_info.h
[19.507s] -- Installing: /home/voiture/course_2025_slam_pkgs/workspace/install/bolide_interfaces/include/bolide_interfaces/bolide_interfaces/msg/rosidl_generator_c__visibility_control.h
[19.507s] -- Installing: /home/voiture/course_2025_slam_pkgs/workspace/install/bolide_interfaces/include/bolide_interfaces/bolide_interfaces/msg/detail
[19.508s] -- Installing: /home/voiture/course_2025_slam_pkgs/workspace/install/bolide_interfaces/include/bolide_interfaces/bolide_interfaces/msg/detail/multiple_range__functions.h
[19.508s] -- Installing: /home/voiture/course_2025_slam_pkgs/workspace/install/bolide_interfaces/include/bolide_interfaces/bolide_interfaces/msg/detail/multiple_range__type_support.c
[19.508s] -- Installing: /home/voiture/course_2025_slam_pkgs/workspace/install/bolide_interfaces/include/bolide_interfaces/bolide_interfaces/msg/detail/camera_info__type_support.h
[19.508s] -- Installing: /home/voiture/course_2025_slam_pkgs/workspace/install/bolide_interfaces/include/bolide_interfaces/bolide_interfaces/msg/detail/multiple_range__struct.h
[19.508s] -- Installing: /home/voiture/course_2025_slam_pkgs/workspace/install/bolide_interfaces/include/bolide_interfaces/bolide_interfaces/msg/detail/fork_speed__type_support.h
[19.508s] -- Installing: /home/voiture/course_2025_slam_pkgs/workspace/install/bolide_interfaces/include/bolide_interfaces/bolide_interfaces/msg/detail/multiple_range__description.c
[19.509s] -- Installing: /home/voiture/course_2025_slam_pkgs/workspace/install/bolide_interfaces/include/bolide_interfaces/bolide_interfaces/msg/detail/fork_speed__type_support.c
[19.509s] -- Installing: /home/voiture/course_2025_slam_pkgs/workspace/install/bolide_interfaces/include/bolide_interfaces/bolide_interfaces/msg/detail/camera_info__type_support.c
[19.509s] -- Installing: /home/voiture/course_2025_slam_pkgs/workspace/install/bolide_interfaces/include/bolide_interfaces/bolide_interfaces/msg/detail/fork_speed__functions.c
[19.509s] -- Installing: /home/voiture/course_2025_slam_pkgs/workspace/install/bolide_interfaces/include/bolide_interfaces/bolide_interfaces/msg/detail/fork_speed__struct.h
[19.509s] -- Installing: /home/voiture/course_2025_slam_pkgs/workspace/install/bolide_interfaces/include/bolide_interfaces/bolide_interfaces/msg/detail/fork_speed__description.c
[19.509s] -- Installing: /home/voiture/course_2025_slam_pkgs/workspace/install/bolide_interfaces/include/bolide_interfaces/bolide_interfaces/msg/detail/camera_info__functions.c
[19.509s] -- Installing: /home/voiture/course_2025_slam_pkgs/workspace/install/bolide_interfaces/include/bolide_interfaces/bolide_interfaces/msg/detail/fork_speed__functions.h
[19.510s] -- Installing: /home/voiture/course_2025_slam_pkgs/workspace/install/bolide_interfaces/include/bolide_interfaces/bolide_interfaces/msg/detail/camera_info__struct.h
[19.510s] -- Installing: /home/voiture/course_2025_slam_pkgs/workspace/install/bolide_interfaces/include/bolide_interfaces/bolide_interfaces/msg/detail/camera_info__description.c
[19.510s] -- Installing: /home/voiture/course_2025_slam_pkgs/workspace/install/bolide_interfaces/include/bolide_interfaces/bolide_interfaces/msg/detail/camera_info__functions.h
[19.510s] -- Installing: /home/voiture/course_2025_slam_pkgs/workspace/install/bolide_interfaces/include/bolide_interfaces/bolide_interfaces/msg/detail/multiple_range__functions.c
[19.510s] -- Installing: /home/voiture/course_2025_slam_pkgs/workspace/install/bolide_interfaces/include/bolide_interfaces/bolide_interfaces/msg/detail/multiple_range__type_support.h
[19.510s] -- Installing: /home/voiture/course_2025_slam_pkgs/workspace/install/bolide_interfaces/include/bolide_interfaces/bolide_interfaces/msg/multiple_range.h
[19.511s] -- Installing: /home/voiture/course_2025_slam_pkgs/workspace/install/bolide_interfaces/include/bolide_interfaces/bolide_interfaces/msg/fork_speed.h
[19.511s] -- Installing: /home/voiture/course_2025_slam_pkgs/workspace/install/bolide_interfaces/share/bolide_interfaces/environment/library_path.sh
[19.511s] -- Installing: /home/voiture/course_2025_slam_pkgs/workspace/install/bolide_interfaces/share/bolide_interfaces/environment/library_path.dsv
[19.511s] -- Installing: /home/voiture/course_2025_slam_pkgs/workspace/install/bolide_interfaces/lib/libbolide_interfaces__rosidl_generator_c.so
[19.512s] -- Set non-toolchain portion of runtime path of "/home/voiture/course_2025_slam_pkgs/workspace/install/bolide_interfaces/lib/libbolide_interfaces__rosidl_generator_c.so" to ""
[19.512s] -- Up-to-date: /home/voiture/course_2025_slam_pkgs/workspace/install/bolide_interfaces/include/bolide_interfaces/bolide_interfaces
[19.512s] -- Up-to-date: /home/voiture/course_2025_slam_pkgs/workspace/install/bolide_interfaces/include/bolide_interfaces/bolide_interfaces/msg
[19.513s] -- Installing: /home/voiture/course_2025_slam_pkgs/workspace/install/bolide_interfaces/include/bolide_interfaces/bolide_interfaces/msg/rosidl_typesupport_fastrtps_c__visibility_control.h
[19.513s] -- Up-to-date: /home/voiture/course_2025_slam_pkgs/workspace/install/bolide_interfaces/include/bolide_interfaces/bolide_interfaces/msg/detail
[19.513s] -- Installing: /home/voiture/course_2025_slam_pkgs/workspace/install/bolide_interfaces/include/bolide_interfaces/bolide_interfaces/msg/detail/fork_speed__rosidl_typesupport_fastrtps_c.h
[19.513s] -- Installing: /home/voiture/course_2025_slam_pkgs/workspace/install/bolide_interfaces/include/bolide_interfaces/bolide_interfaces/msg/detail/camera_info__rosidl_typesupport_fastrtps_c.h
[19.513s] -- Installing: /home/voiture/course_2025_slam_pkgs/workspace/install/bolide_interfaces/include/bolide_interfaces/bolide_interfaces/msg/detail/multiple_range__rosidl_typesupport_fastrtps_c.h
[19.513s] -- Installing: /home/voiture/course_2025_slam_pkgs/workspace/install/bolide_interfaces/lib/libbolide_interfaces__rosidl_typesupport_fastrtps_c.so
[19.514s] -- Set non-toolchain portion of runtime path of "/home/voiture/course_2025_slam_pkgs/workspace/install/bolide_interfaces/lib/libbolide_interfaces__rosidl_typesupport_fastrtps_c.so" to ""
[19.514s] -- Up-to-date: /home/voiture/course_2025_slam_pkgs/workspace/install/bolide_interfaces/include/bolide_interfaces/bolide_interfaces
[19.514s] -- Up-to-date: /home/voiture/course_2025_slam_pkgs/workspace/install/bolide_interfaces/include/bolide_interfaces/bolide_interfaces/msg
[19.514s] -- Installing: /home/voiture/course_2025_slam_pkgs/workspace/install/bolide_interfaces/include/bolide_interfaces/bolide_interfaces/msg/multiple_range.hpp
[19.514s] -- Up-to-date: /home/voiture/course_2025_slam_pkgs/workspace/install/bolide_interfaces/include/bolide_interfaces/bolide_interfaces/msg/detail
[19.515s] -- Installing: /home/voiture/course_2025_slam_pkgs/workspace/install/bolide_interfaces/include/bolide_interfaces/bolide_interfaces/msg/detail/multiple_range__traits.hpp
[19.515s] -- Installing: /home/voiture/course_2025_slam_pkgs/workspace/install/bolide_interfaces/include/bolide_interfaces/bolide_interfaces/msg/detail/multiple_range__builder.hpp
[19.515s] -- Installing: /home/voiture/course_2025_slam_pkgs/workspace/install/bolide_interfaces/include/bolide_interfaces/bolide_interfaces/msg/detail/camera_info__struct.hpp
[19.515s] -- Installing: /home/voiture/course_2025_slam_pkgs/workspace/install/bolide_interfaces/include/bolide_interfaces/bolide_interfaces/msg/detail/fork_speed__struct.hpp
[19.515s] -- Installing: /home/voiture/course_2025_slam_pkgs/workspace/install/bolide_interfaces/include/bolide_interfaces/bolide_interfaces/msg/detail/multiple_range__type_support.hpp
[19.515s] -- Installing: /home/voiture/course_2025_slam_pkgs/workspace/install/bolide_interfaces/include/bolide_interfaces/bolide_interfaces/msg/detail/camera_info__builder.hpp
[19.515s] -- Installing: /home/voiture/course_2025_slam_pkgs/workspace/install/bolide_interfaces/include/bolide_interfaces/bolide_interfaces/msg/detail/camera_info__traits.hpp
[19.515s] -- Installing: /home/voiture/course_2025_slam_pkgs/workspace/install/bolide_interfaces/include/bolide_interfaces/bolide_interfaces/msg/detail/fork_speed__builder.hpp
[19.516s] -- Installing: /home/voiture/course_2025_slam_pkgs/workspace/install/bolide_interfaces/include/bolide_interfaces/bolide_interfaces/msg/detail/fork_speed__traits.hpp
[19.516s] -- Installing: /home/voiture/course_2025_slam_pkgs/workspace/install/bolide_interfaces/include/bolide_interfaces/bolide_interfaces/msg/detail/camera_info__type_support.hpp
[19.516s] -- Installing: /home/voiture/course_2025_slam_pkgs/workspace/install/bolide_interfaces/include/bolide_interfaces/bolide_interfaces/msg/detail/fork_speed__type_support.hpp
[19.516s] -- Installing: /home/voiture/course_2025_slam_pkgs/workspace/install/bolide_interfaces/include/bolide_interfaces/bolide_interfaces/msg/detail/multiple_range__struct.hpp
[19.516s] -- Installing: /home/voiture/course_2025_slam_pkgs/workspace/install/bolide_interfaces/include/bolide_interfaces/bolide_interfaces/msg/rosidl_generator_cpp__visibility_control.hpp
[19.516s] -- Installing: /home/voiture/course_2025_slam_pkgs/workspace/install/bolide_interfaces/include/bolide_interfaces/bolide_interfaces/msg/fork_speed.hpp
[19.517s] -- Installing: /home/voiture/course_2025_slam_pkgs/workspace/install/bolide_interfaces/include/bolide_interfaces/bolide_interfaces/msg/camera_info.hpp
[19.517s] -- Up-to-date: /home/voiture/course_2025_slam_pkgs/workspace/install/bolide_interfaces/include/bolide_interfaces/bolide_interfaces
[19.517s] -- Up-to-date: /home/voiture/course_2025_slam_pkgs/workspace/install/bolide_interfaces/include/bolide_interfaces/bolide_interfaces/msg
[19.517s] -- Up-to-date: /home/voiture/course_2025_slam_pkgs/workspace/install/bolide_interfaces/include/bolide_interfaces/bolide_interfaces/msg/detail
[19.517s] -- Installing: /home/voiture/course_2025_slam_pkgs/workspace/install/bolide_interfaces/include/bolide_interfaces/bolide_interfaces/msg/detail/multiple_range__rosidl_typesupport_fastrtps_cpp.hpp
[19.517s] -- Installing: /home/voiture/course_2025_slam_pkgs/workspace/install/bolide_interfaces/include/bolide_interfaces/bolide_interfaces/msg/detail/dds_fastrtps
[19.517s] -- Installing: /home/voiture/course_2025_slam_pkgs/workspace/install/bolide_interfaces/include/bolide_interfaces/bolide_interfaces/msg/detail/camera_info__rosidl_typesupport_fastrtps_cpp.hpp
[19.517s] -- Installing: /home/voiture/course_2025_slam_pkgs/workspace/install/bolide_interfaces/include/bolide_interfaces/bolide_interfaces/msg/detail/fork_speed__rosidl_typesupport_fastrtps_cpp.hpp
[19.518s] -- Installing: /home/voiture/course_2025_slam_pkgs/workspace/install/bolide_interfaces/include/bolide_interfaces/bolide_interfaces/msg/rosidl_typesupport_fastrtps_cpp__visibility_control.h
[19.518s] -- Installing: /home/voiture/course_2025_slam_pkgs/workspace/install/bolide_interfaces/lib/libbolide_interfaces__rosidl_typesupport_fastrtps_cpp.so
[19.519s] -- Set non-toolchain portion of runtime path of "/home/voiture/course_2025_slam_pkgs/workspace/install/bolide_interfaces/lib/libbolide_interfaces__rosidl_typesupport_fastrtps_cpp.so" to ""
[19.519s] -- Up-to-date: /home/voiture/course_2025_slam_pkgs/workspace/install/bolide_interfaces/include/bolide_interfaces/bolide_interfaces
[19.519s] -- Up-to-date: /home/voiture/course_2025_slam_pkgs/workspace/install/bolide_interfaces/include/bolide_interfaces/bolide_interfaces/msg
[19.519s] -- Up-to-date: /home/voiture/course_2025_slam_pkgs/workspace/install/bolide_interfaces/include/bolide_interfaces/bolide_interfaces/msg/detail
[19.519s] -- Installing: /home/voiture/course_2025_slam_pkgs/workspace/install/bolide_interfaces/include/bolide_interfaces/bolide_interfaces/msg/detail/multiple_range__type_support.c
[19.519s] -- Installing: /home/voiture/course_2025_slam_pkgs/workspace/install/bolide_interfaces/include/bolide_interfaces/bolide_interfaces/msg/detail/fork_speed__rosidl_typesupport_introspection_c.h
[19.519s] -- Installing: /home/voiture/course_2025_slam_pkgs/workspace/install/bolide_interfaces/include/bolide_interfaces/bolide_interfaces/msg/detail/multiple_range__rosidl_typesupport_introspection_c.h
[19.519s] -- Installing: /home/voiture/course_2025_slam_pkgs/workspace/install/bolide_interfaces/include/bolide_interfaces/bolide_interfaces/msg/detail/fork_speed__type_support.c
[19.520s] -- Installing: /home/voiture/course_2025_slam_pkgs/workspace/install/bolide_interfaces/include/bolide_interfaces/bolide_interfaces/msg/detail/camera_info__type_support.c
[19.520s] -- Installing: /home/voiture/course_2025_slam_pkgs/workspace/install/bolide_interfaces/include/bolide_interfaces/bolide_interfaces/msg/detail/camera_info__rosidl_typesupport_introspection_c.h
[19.520s] -- Installing: /home/voiture/course_2025_slam_pkgs/workspace/install/bolide_interfaces/include/bolide_interfaces/bolide_interfaces/msg/rosidl_typesupport_introspection_c__visibility_control.h
[19.520s] -- Installing: /home/voiture/course_2025_slam_pkgs/workspace/install/bolide_interfaces/lib/libbolide_interfaces__rosidl_typesupport_introspection_c.so
[19.521s] -- Set non-toolchain portion of runtime path of "/home/voiture/course_2025_slam_pkgs/workspace/install/bolide_interfaces/lib/libbolide_interfaces__rosidl_typesupport_introspection_c.so" to ""
[19.521s] -- Installing: /home/voiture/course_2025_slam_pkgs/workspace/install/bolide_interfaces/lib/libbolide_interfaces__rosidl_typesupport_c.so
[19.522s] -- Set non-toolchain portion of runtime path of "/home/voiture/course_2025_slam_pkgs/workspace/install/bolide_interfaces/lib/libbolide_interfaces__rosidl_typesupport_c.so" to ""
[19.522s] -- Up-to-date: /home/voiture/course_2025_slam_pkgs/workspace/install/bolide_interfaces/include/bolide_interfaces/bolide_interfaces
[19.522s] -- Up-to-date: /home/voiture/course_2025_slam_pkgs/workspace/install/bolide_interfaces/include/bolide_interfaces/bolide_interfaces/msg
[19.522s] -- Up-to-date: /home/voiture/course_2025_slam_pkgs/workspace/install/bolide_interfaces/include/bolide_interfaces/bolide_interfaces/msg/detail
[19.523s] -- Installing: /home/voiture/course_2025_slam_pkgs/workspace/install/bolide_interfaces/include/bolide_interfaces/bolide_interfaces/msg/detail/multiple_range__rosidl_typesupport_introspection_cpp.hpp
[19.523s] -- Installing: /home/voiture/course_2025_slam_pkgs/workspace/install/bolide_interfaces/include/bolide_interfaces/bolide_interfaces/msg/detail/camera_info__type_support.cpp
[19.523s] -- Installing: /home/voiture/course_2025_slam_pkgs/workspace/install/bolide_interfaces/include/bolide_interfaces/bolide_interfaces/msg/detail/fork_speed__type_support.cpp
[19.523s] -- Installing: /home/voiture/course_2025_slam_pkgs/workspace/install/bolide_interfaces/include/bolide_interfaces/bolide_interfaces/msg/detail/camera_info__rosidl_typesupport_introspection_cpp.hpp
[19.523s] -- Installing: /home/voiture/course_2025_slam_pkgs/workspace/install/bolide_interfaces/include/bolide_interfaces/bolide_interfaces/msg/detail/fork_speed__rosidl_typesupport_introspection_cpp.hpp
[19.523s] -- Installing: /home/voiture/course_2025_slam_pkgs/workspace/install/bolide_interfaces/include/bolide_interfaces/bolide_interfaces/msg/detail/multiple_range__type_support.cpp
[19.523s] -- Installing: /home/voiture/course_2025_slam_pkgs/workspace/install/bolide_interfaces/lib/libbolide_interfaces__rosidl_typesupport_introspection_cpp.so
[19.524s] -- Set non-toolchain portion of runtime path of "/home/voiture/course_2025_slam_pkgs/workspace/install/bolide_interfaces/lib/libbolide_interfaces__rosidl_typesupport_introspection_cpp.so" to ""
[19.525s] -- Installing: /home/voiture/course_2025_slam_pkgs/workspace/install/bolide_interfaces/lib/libbolide_interfaces__rosidl_typesupport_cpp.so
[19.527s] -- Set non-toolchain portion of runtime path of "/home/voiture/course_2025_slam_pkgs/workspace/install/bolide_interfaces/lib/libbolide_interfaces__rosidl_typesupport_cpp.so" to ""
[19.527s] -- Installing: /home/voiture/course_2025_slam_pkgs/workspace/install/bolide_interfaces/share/bolide_interfaces/environment/pythonpath.sh
[19.527s] -- Installing: /home/voiture/course_2025_slam_pkgs/workspace/install/bolide_interfaces/share/bolide_interfaces/environment/pythonpath.dsv
[19.527s] -- Installing: /home/voiture/course_2025_slam_pkgs/workspace/install/bolide_interfaces/lib/python3.12/site-packages/bolide_interfaces-0.0.0-py3.12.egg-info
[19.528s] -- Installing: /home/voiture/course_2025_slam_pkgs/workspace/install/bolide_interfaces/lib/python3.12/site-packages/bolide_interfaces-0.0.0-py3.12.egg-info/dependency_links.txt
[19.528s] -- Installing: /home/voiture/course_2025_slam_pkgs/workspace/install/bolide_interfaces/lib/python3.12/site-packages/bolide_interfaces-0.0.0-py3.12.egg-info/PKG-INFO
[19.528s] -- Installing: /home/voiture/course_2025_slam_pkgs/workspace/install/bolide_interfaces/lib/python3.12/site-packages/bolide_interfaces-0.0.0-py3.12.egg-info/top_level.txt
[19.528s] -- Installing: /home/voiture/course_2025_slam_pkgs/workspace/install/bolide_interfaces/lib/python3.12/site-packages/bolide_interfaces-0.0.0-py3.12.egg-info/SOURCES.txt
[19.529s] -- Installing: /home/voiture/course_2025_slam_pkgs/workspace/install/bolide_interfaces/lib/python3.12/site-packages/bolide_interfaces
[19.529s] -- Installing: /home/voiture/course_2025_slam_pkgs/workspace/install/bolide_interfaces/lib/python3.12/site-packages/bolide_interfaces/_bolide_interfaces_s.ep.rosidl_typesupport_introspection_c.c
[19.529s] -- Installing: /home/voiture/course_2025_slam_pkgs/workspace/install/bolide_interfaces/lib/python3.12/site-packages/bolide_interfaces/_bolide_interfaces_s.ep.rosidl_typesupport_c.c
[19.529s] -- Installing: /home/voiture/course_2025_slam_pkgs/workspace/install/bolide_interfaces/lib/python3.12/site-packages/bolide_interfaces/__init__.py
[19.529s] -- Installing: /home/voiture/course_2025_slam_pkgs/workspace/install/bolide_interfaces/lib/python3.12/site-packages/bolide_interfaces/bolide_interfaces_s__rosidl_typesupport_c.so
[19.529s] -- Installing: /home/voiture/course_2025_slam_pkgs/workspace/install/bolide_interfaces/lib/python3.12/site-packages/bolide_interfaces/msg
[19.530s] -- Installing: /home/voiture/course_2025_slam_pkgs/workspace/install/bolide_interfaces/lib/python3.12/site-packages/bolide_interfaces/msg/_multiple_range_s.c
[19.530s] -- Installing: /home/voiture/course_2025_slam_pkgs/workspace/install/bolide_interfaces/lib/python3.12/site-packages/bolide_interfaces/msg/_camera_info_s.c
[19.530s] -- Installing: /home/voiture/course_2025_slam_pkgs/workspace/install/bolide_interfaces/lib/python3.12/site-packages/bolide_interfaces/msg/_fork_speed_s.c
[19.530s] -- Installing: /home/voiture/course_2025_slam_pkgs/workspace/install/bolide_interfaces/lib/python3.12/site-packages/bolide_interfaces/msg/_camera_info.py
[19.530s] -- Installing: /home/voiture/course_2025_slam_pkgs/workspace/install/bolide_interfaces/lib/python3.12/site-packages/bolide_interfaces/msg/_fork_speed.py
[19.530s] -- Installing: /home/voiture/course_2025_slam_pkgs/workspace/install/bolide_interfaces/lib/python3.12/site-packages/bolide_interfaces/msg/__init__.py
[19.530s] -- Installing: /home/voiture/course_2025_slam_pkgs/workspace/install/bolide_interfaces/lib/python3.12/site-packages/bolide_interfaces/msg/_multiple_range.py
[19.531s] -- Installing: /home/voiture/course_2025_slam_pkgs/workspace/install/bolide_interfaces/lib/python3.12/site-packages/bolide_interfaces/bolide_interfaces_s__rosidl_typesupport_fastrtps_c.so
[19.531s] -- Installing: /home/voiture/course_2025_slam_pkgs/workspace/install/bolide_interfaces/lib/python3.12/site-packages/bolide_interfaces/_bolide_interfaces_s.ep.rosidl_typesupport_fastrtps_c.c
[19.532s] -- Installing: /home/voiture/course_2025_slam_pkgs/workspace/install/bolide_interfaces/lib/python3.12/site-packages/bolide_interfaces/bolide_interfaces_s__rosidl_typesupport_introspection_c.so
[19.623s] Listing '/home/voiture/course_2025_slam_pkgs/workspace/install/bolide_interfaces/lib/python3.12/site-packages/bolide_interfaces'...
[19.623s] Compiling '/home/voiture/course_2025_slam_pkgs/workspace/install/bolide_interfaces/lib/python3.12/site-packages/bolide_interfaces/__init__.py'...
[19.623s] Listing '/home/voiture/course_2025_slam_pkgs/workspace/install/bolide_interfaces/lib/python3.12/site-packages/bolide_interfaces/msg'...
[19.624s] Compiling '/home/voiture/course_2025_slam_pkgs/workspace/install/bolide_interfaces/lib/python3.12/site-packages/bolide_interfaces/msg/__init__.py'...
[19.624s] Compiling '/home/voiture/course_2025_slam_pkgs/workspace/install/bolide_interfaces/lib/python3.12/site-packages/bolide_interfaces/msg/_camera_info.py'...
[19.624s] Compiling '/home/voiture/course_2025_slam_pkgs/workspace/install/bolide_interfaces/lib/python3.12/site-packages/bolide_interfaces/msg/_fork_speed.py'...
[19.624s] Compiling '/home/voiture/course_2025_slam_pkgs/workspace/install/bolide_interfaces/lib/python3.12/site-packages/bolide_interfaces/msg/_multiple_range.py'...
[19.648s] -- Installing: /home/voiture/course_2025_slam_pkgs/workspace/install/bolide_interfaces/lib/python3.12/site-packages/bolide_interfaces/bolide_interfaces_s__rosidl_typesupport_fastrtps_c.so
[19.649s] -- Set non-toolchain portion of runtime path of "/home/voiture/course_2025_slam_pkgs/workspace/install/bolide_interfaces/lib/python3.12/site-packages/bolide_interfaces/bolide_interfaces_s__rosidl_typesupport_fastrtps_c.so" to ""
[19.650s] -- Installing: /home/voiture/course_2025_slam_pkgs/workspace/install/bolide_interfaces/lib/python3.12/site-packages/bolide_interfaces/bolide_interfaces_s__rosidl_typesupport_introspection_c.so
[19.651s] -- Set non-toolchain portion of runtime path of "/home/voiture/course_2025_slam_pkgs/workspace/install/bolide_interfaces/lib/python3.12/site-packages/bolide_interfaces/bolide_interfaces_s__rosidl_typesupport_introspection_c.so" to ""
[19.653s] -- Installing: /home/voiture/course_2025_slam_pkgs/workspace/install/bolide_interfaces/lib/python3.12/site-packages/bolide_interfaces/bolide_interfaces_s__rosidl_typesupport_c.so
[19.653s] -- Set non-toolchain portion of runtime path of "/home/voiture/course_2025_slam_pkgs/workspace/install/bolide_interfaces/lib/python3.12/site-packages/bolide_interfaces/bolide_interfaces_s__rosidl_typesupport_c.so" to ""
[19.656s] -- Installing: /home/voiture/course_2025_slam_pkgs/workspace/install/bolide_interfaces/lib/libbolide_interfaces__rosidl_generator_py.so
[19.656s] -- Set non-toolchain portion of runtime path of "/home/voiture/course_2025_slam_pkgs/workspace/install/bolide_interfaces/lib/libbolide_interfaces__rosidl_generator_py.so" to ""
[19.658s] -- Installing: /home/voiture/course_2025_slam_pkgs/workspace/install/bolide_interfaces/share/bolide_interfaces/msg/CameraInfo.idl
[19.658s] -- Installing: /home/voiture/course_2025_slam_pkgs/workspace/install/bolide_interfaces/share/bolide_interfaces/msg/ForkSpeed.idl
[19.658s] -- Installing: /home/voiture/course_2025_slam_pkgs/workspace/install/bolide_interfaces/share/bolide_interfaces/msg/MultipleRange.idl
[19.659s] -- Installing: /home/voiture/course_2025_slam_pkgs/workspace/install/bolide_interfaces/share/bolide_interfaces/msg/CameraInfo.msg
[19.659s] -- Installing: /home/voiture/course_2025_slam_pkgs/workspace/install/bolide_interfaces/share/bolide_interfaces/msg/ForkSpeed.msg
[19.659s] -- Installing: /home/voiture/course_2025_slam_pkgs/workspace/install/bolide_interfaces/share/bolide_interfaces/msg/MultipleRange.msg
[19.659s] -- Installing: /home/voiture/course_2025_slam_pkgs/workspace/install/bolide_interfaces/share/ament_index/resource_index/package_run_dependencies/bolide_interfaces
[19.660s] -- Installing: /home/voiture/course_2025_slam_pkgs/workspace/install/bolide_interfaces/share/ament_index/resource_index/parent_prefix_path/bolide_interfaces
[19.661s] -- Installing: /home/voiture/course_2025_slam_pkgs/workspace/install/bolide_interfaces/share/bolide_interfaces/environment/ament_prefix_path.sh
[19.661s] -- Installing: /home/voiture/course_2025_slam_pkgs/workspace/install/bolide_interfaces/share/bolide_interfaces/environment/ament_prefix_path.dsv
[19.662s] -- Installing: /home/voiture/course_2025_slam_pkgs/workspace/install/bolide_interfaces/share/bolide_interfaces/environment/path.sh
[19.662s] -- Installing: /home/voiture/course_2025_slam_pkgs/workspace/install/bolide_interfaces/share/bolide_interfaces/environment/path.dsv
[19.662s] -- Installing: /home/voiture/course_2025_slam_pkgs/workspace/install/bolide_interfaces/share/bolide_interfaces/local_setup.bash
[19.662s] -- Installing: /home/voiture/course_2025_slam_pkgs/workspace/install/bolide_interfaces/share/bolide_interfaces/local_setup.sh
[19.662s] -- Installing: /home/voiture/course_2025_slam_pkgs/workspace/install/bolide_interfaces/share/bolide_interfaces/local_setup.zsh
[19.663s] -- Installing: /home/voiture/course_2025_slam_pkgs/workspace/install/bolide_interfaces/share/bolide_interfaces/local_setup.dsv
[19.663s] -- Installing: /home/voiture/course_2025_slam_pkgs/workspace/install/bolide_interfaces/share/bolide_interfaces/package.dsv
[19.666s] -- Installing: /home/voiture/course_2025_slam_pkgs/workspace/install/bolide_interfaces/share/ament_index/resource_index/packages/bolide_interfaces
[19.666s] -- Installing: /home/voiture/course_2025_slam_pkgs/workspace/install/bolide_interfaces/share/bolide_interfaces/cmake/export_bolide_interfaces__rosidl_generator_cExport.cmake
[19.666s] -- Installing: /home/voiture/course_2025_slam_pkgs/workspace/install/bolide_interfaces/share/bolide_interfaces/cmake/export_bolide_interfaces__rosidl_generator_cExport-noconfig.cmake
[19.667s] -- Installing: /home/voiture/course_2025_slam_pkgs/workspace/install/bolide_interfaces/share/bolide_interfaces/cmake/export_bolide_interfaces__rosidl_typesupport_fastrtps_cExport.cmake
[19.667s] -- Installing: /home/voiture/course_2025_slam_pkgs/workspace/install/bolide_interfaces/share/bolide_interfaces/cmake/export_bolide_interfaces__rosidl_typesupport_fastrtps_cExport-noconfig.cmake
[19.667s] -- Installing: /home/voiture/course_2025_slam_pkgs/workspace/install/bolide_interfaces/share/bolide_interfaces/cmake/export_bolide_interfaces__rosidl_generator_cppExport.cmake
[19.668s] -- Installing: /home/voiture/course_2025_slam_pkgs/workspace/install/bolide_interfaces/share/bolide_interfaces/cmake/export_bolide_interfaces__rosidl_typesupport_fastrtps_cppExport.cmake
[19.668s] -- Installing: /home/voiture/course_2025_slam_pkgs/workspace/install/bolide_interfaces/share/bolide_interfaces/cmake/export_bolide_interfaces__rosidl_typesupport_fastrtps_cppExport-noconfig.cmake
[19.671s] -- Installing: /home/voiture/course_2025_slam_pkgs/workspace/install/bolide_interfaces/share/bolide_interfaces/cmake/bolide_interfaces__rosidl_typesupport_introspection_cExport.cmake
[19.671s] -- Installing: /home/voiture/course_2025_slam_pkgs/workspace/install/bolide_interfaces/share/bolide_interfaces/cmake/bolide_interfaces__rosidl_typesupport_introspection_cExport-noconfig.cmake
[19.671s] -- Installing: /home/voiture/course_2025_slam_pkgs/workspace/install/bolide_interfaces/share/bolide_interfaces/cmake/bolide_interfaces__rosidl_typesupport_cExport.cmake
[19.672s] -- Installing: /home/voiture/course_2025_slam_pkgs/workspace/install/bolide_interfaces/share/bolide_interfaces/cmake/bolide_interfaces__rosidl_typesupport_cExport-noconfig.cmake
[19.672s] -- Installing: /home/voiture/course_2025_slam_pkgs/workspace/install/bolide_interfaces/share/bolide_interfaces/cmake/bolide_interfaces__rosidl_typesupport_introspection_cppExport.cmake
[19.672s] -- Installing: /home/voiture/course_2025_slam_pkgs/workspace/install/bolide_interfaces/share/bolide_interfaces/cmake/bolide_interfaces__rosidl_typesupport_introspection_cppExport-noconfig.cmake
[19.674s] -- Installing: /home/voiture/course_2025_slam_pkgs/workspace/install/bolide_interfaces/share/bolide_interfaces/cmake/bolide_interfaces__rosidl_typesupport_cppExport.cmake
[19.675s] -- Installing: /home/voiture/course_2025_slam_pkgs/workspace/install/bolide_interfaces/share/bolide_interfaces/cmake/bolide_interfaces__rosidl_typesupport_cppExport-noconfig.cmake
[19.677s] -- Installing: /home/voiture/course_2025_slam_pkgs/workspace/install/bolide_interfaces/share/bolide_interfaces/cmake/export_bolide_interfaces__rosidl_generator_pyExport.cmake
[19.677s] -- Installing: /home/voiture/course_2025_slam_pkgs/workspace/install/bolide_interfaces/share/bolide_interfaces/cmake/export_bolide_interfaces__rosidl_generator_pyExport-noconfig.cmake
[19.678s] -- Installing: /home/voiture/course_2025_slam_pkgs/workspace/install/bolide_interfaces/share/bolide_interfaces/cmake/rosidl_cmake-extras.cmake
[19.678s] -- Installing: /home/voiture/course_2025_slam_pkgs/workspace/install/bolide_interfaces/share/bolide_interfaces/cmake/ament_cmake_export_dependencies-extras.cmake
[19.678s] -- Installing: /home/voiture/course_2025_slam_pkgs/workspace/install/bolide_interfaces/share/bolide_interfaces/cmake/ament_cmake_export_include_directories-extras.cmake
[19.678s] -- Installing: /home/voiture/course_2025_slam_pkgs/workspace/install/bolide_interfaces/share/bolide_interfaces/cmake/ament_cmake_export_libraries-extras.cmake
[19.678s] -- Installing: /home/voiture/course_2025_slam_pkgs/workspace/install/bolide_interfaces/share/bolide_interfaces/cmake/ament_cmake_export_targets-extras.cmake
[19.679s] -- Installing: /home/voiture/course_2025_slam_pkgs/workspace/install/bolide_interfaces/share/bolide_interfaces/cmake/rosidl_cmake_export_typesupport_targets-extras.cmake
[19.679s] -- Installing: /home/voiture/course_2025_slam_pkgs/workspace/install/bolide_interfaces/share/bolide_interfaces/cmake/rosidl_cmake_export_typesupport_libraries-extras.cmake
[19.679s] -- Installing: /home/voiture/course_2025_slam_pkgs/workspace/install/bolide_interfaces/share/bolide_interfaces/cmake/bolide_interfacesConfig.cmake
[19.679s] -- Installing: /home/voiture/course_2025_slam_pkgs/workspace/install/bolide_interfaces/share/bolide_interfaces/cmake/bolide_interfacesConfig-version.cmake
[19.679s] -- Installing: /home/voiture/course_2025_slam_pkgs/workspace/install/bolide_interfaces/share/bolide_interfaces/package.xml
[19.686s] Invoked command in '/home/voiture/course_2025_slam_pkgs/workspace/build/bolide_interfaces' returned '0': CMAKE_PREFIX_PATH=${CMAKE_PREFIX_PATH}:/opt/ros/jazzy DEBUGINFOD_URLS=https://debuginfod.ubuntu.com /usr/bin/cmake --install /home/voiture/course_2025_slam_pkgs/workspace/build/bolide_interfaces
