[1.557s] Invoking command in '/home/voiture/course_2025_slam_pkgs/workspace/src/control_bolide': CMAKE_PREFIX_PATH=/home/voiture/course_2025_slam_pkgs/workspace/install/bolide_interfaces:/home/voiture/course_2025_slam_pkgs/workspace/install/sllidar_ros2:/opt/ros/jazzy/opt/gz_math_vendor:/opt/ros/jazzy/opt/gz_utils_vendor:/opt/ros/jazzy/opt/gz_cmake_vendor DEBUGINFOD_URLS=https://debuginfod.ubuntu.com PYTHONPATH=/home/voiture/course_2025_slam_pkgs/workspace/build/control_bolide/prefix_override:/usr/lib/python3/dist-packages/colcon_core/task/python/colcon_distutils_commands:/home/voiture/course_2025_slam_pkgs/workspace/install/control_bolide/lib/python3.12/site-packages:/home/voiture/course_2025_slam_pkgs/workspace/install/bolide_interfaces/lib/python3.12/site-packages:/home/voiture/course_2025_slam_pkgs/workspace/install/perception_bolide/lib/python3.12/site-packages:/home/voiture/course_2025_slam_pkgs/workspace/install/control_bolide/lib/python3.12/site-packages:/opt/ros/jazzy/lib/python3.12/site-packages /usr/bin/python3 -W ignore:setup.py install is deprecated -W ignore:easy_install command is deprecated setup.py egg_info --egg-base ../../build/control_bolide build --build-base /home/voiture/course_2025_slam_pkgs/workspace/build/control_bolide/build install --record /home/voiture/course_2025_slam_pkgs/workspace/build/control_bolide/install.log --single-version-externally-managed install_data
[1.943s] running egg_info
[1.968s] writing ../../build/control_bolide/control_bolide.egg-info/PKG-INFO
[1.968s] writing dependency_links to ../../build/control_bolide/control_bolide.egg-info/dependency_links.txt
[1.970s] writing entry points to ../../build/control_bolide/control_bolide.egg-info/entry_points.txt
[1.971s] writing requirements to ../../build/control_bolide/control_bolide.egg-info/requires.txt
[1.973s] writing top-level names to ../../build/control_bolide/control_bolide.egg-info/top_level.txt
[2.031s] reading manifest file '../../build/control_bolide/control_bolide.egg-info/SOURCES.txt'
[2.031s] adding license file 'LICENSE'
[2.032s] writing manifest file '../../build/control_bolide/control_bolide.egg-info/SOURCES.txt'
[2.032s] running build
[2.033s] running build_py
[2.033s] copying control_bolide/stanley_controller.py -> /home/voiture/course_2025_slam_pkgs/workspace/build/control_bolide/build/lib/control_bolide
[2.034s] running install
[2.043s] running install_lib
[2.069s] copying /home/voiture/course_2025_slam_pkgs/workspace/build/control_bolide/build/lib/control_bolide/stanley_controller.py -> /home/voiture/course_2025_slam_pkgs/workspace/install/control_bolide/lib/python3.12/site-packages/control_bolide
[2.070s] byte-compiling /home/voiture/course_2025_slam_pkgs/workspace/install/control_bolide/lib/python3.12/site-packages/control_bolide/stanley_controller.py to stanley_controller.cpython-312.pyc
[2.080s] running install_data
[2.080s] running install_egg_info
[2.107s] removing '/home/voiture/course_2025_slam_pkgs/workspace/install/control_bolide/lib/python3.12/site-packages/control_bolide-0.0.0-py3.12.egg-info' (and everything under it)
[2.108s] Copying ../../build/control_bolide/control_bolide.egg-info to /home/voiture/course_2025_slam_pkgs/workspace/install/control_bolide/lib/python3.12/site-packages/control_bolide-0.0.0-py3.12.egg-info
[2.109s] running install_scripts
[2.304s] Installing ackermann_controller script to /home/voiture/course_2025_slam_pkgs/workspace/install/control_bolide/lib/control_bolide
[2.304s] Installing calibration_direction script to /home/voiture/course_2025_slam_pkgs/workspace/install/control_bolide/lib/control_bolide
[2.305s] Installing calibration_direction_copy script to /home/voiture/course_2025_slam_pkgs/workspace/install/control_bolide/lib/control_bolide
[2.307s] Installing cmd_vel_vizu script to /home/voiture/course_2025_slam_pkgs/workspace/install/control_bolide/lib/control_bolide
[2.308s] Installing obstacle_detection script to /home/voiture/course_2025_slam_pkgs/workspace/install/control_bolide/lib/control_bolide
[2.310s] Installing speed_direction_controller script to /home/voiture/course_2025_slam_pkgs/workspace/install/control_bolide/lib/control_bolide
[2.312s] Installing stanley_controller script to /home/voiture/course_2025_slam_pkgs/workspace/install/control_bolide/lib/control_bolide
[2.313s] writing list of installed files to '/home/voiture/course_2025_slam_pkgs/workspace/build/control_bolide/install.log'
[2.406s] Invoked command in '/home/voiture/course_2025_slam_pkgs/workspace/src/control_bolide' returned '0': CMAKE_PREFIX_PATH=/home/voiture/course_2025_slam_pkgs/workspace/install/bolide_interfaces:/home/voiture/course_2025_slam_pkgs/workspace/install/sllidar_ros2:/opt/ros/jazzy/opt/gz_math_vendor:/opt/ros/jazzy/opt/gz_utils_vendor:/opt/ros/jazzy/opt/gz_cmake_vendor DEBUGINFOD_URLS=https://debuginfod.ubuntu.com PYTHONPATH=/home/voiture/course_2025_slam_pkgs/workspace/build/control_bolide/prefix_override:/usr/lib/python3/dist-packages/colcon_core/task/python/colcon_distutils_commands:/home/voiture/course_2025_slam_pkgs/workspace/install/control_bolide/lib/python3.12/site-packages:/home/voiture/course_2025_slam_pkgs/workspace/install/bolide_interfaces/lib/python3.12/site-packages:/home/voiture/course_2025_slam_pkgs/workspace/install/perception_bolide/lib/python3.12/site-packages:/home/voiture/course_2025_slam_pkgs/workspace/install/control_bolide/lib/python3.12/site-packages:/opt/ros/jazzy/lib/python3.12/site-packages /usr/bin/python3 -W ignore:setup.py install is deprecated -W ignore:easy_install command is deprecated setup.py egg_info --egg-base ../../build/control_bolide build --build-base /home/voiture/course_2025_slam_pkgs/workspace/build/control_bolide/build install --record /home/voiture/course_2025_slam_pkgs/workspace/build/control_bolide/install.log --single-version-externally-managed install_data
