running egg_info
creating ../../build/perception_bolide/perception_bolide.egg-info
writing ../../build/perception_bolide/perception_bolide.egg-info/PKG-INFO
writing dependency_links to ../../build/perception_bolide/perception_bolide.egg-info/dependency_links.txt
writing entry points to ../../build/perception_bolide/perception_bolide.egg-info/entry_points.txt
writing requirements to ../../build/perception_bolide/perception_bolide.egg-info/requires.txt
writing top-level names to ../../build/perception_bolide/perception_bolide.egg-info/top_level.txt
writing manifest file '../../build/perception_bolide/perception_bolide.egg-info/SOURCES.txt'
reading manifest file '../../build/perception_bolide/perception_bolide.egg-info/SOURCES.txt'
adding license file 'LICENSE'
writing manifest file '../../build/perception_bolide/perception_bolide.egg-info/SOURCES.txt'
running build
running build_py
creating /home/voiture/course_2025_slam_pkgs/workspace/build/perception_bolide/build
creating /home/voiture/course_2025_slam_pkgs/workspace/build/perception_bolide/build/lib
creating /home/voiture/course_2025_slam_pkgs/workspace/build/perception_bolide/build/lib/perception_bolide
copying perception_bolide/stm32_publisher.py -> /home/voiture/course_2025_slam_pkgs/workspace/build/perception_bolide/build/lib/perception_bolide
copying perception_bolide/__init__.py -> /home/voiture/course_2025_slam_pkgs/workspace/build/perception_bolide/build/lib/perception_bolide
running install
running install_lib
creating /home/voiture/course_2025_slam_pkgs/workspace/install/perception_bolide/lib/python3.12/site-packages/perception_bolide
copying /home/voiture/course_2025_slam_pkgs/workspace/build/perception_bolide/build/lib/perception_bolide/stm32_publisher.py -> /home/voiture/course_2025_slam_pkgs/workspace/install/perception_bolide/lib/python3.12/site-packages/perception_bolide
copying /home/voiture/course_2025_slam_pkgs/workspace/build/perception_bolide/build/lib/perception_bolide/__init__.py -> /home/voiture/course_2025_slam_pkgs/workspace/install/perception_bolide/lib/python3.12/site-packages/perception_bolide
byte-compiling /home/voiture/course_2025_slam_pkgs/workspace/install/perception_bolide/lib/python3.12/site-packages/perception_bolide/stm32_publisher.py to stm32_publisher.cpython-312.pyc
byte-compiling /home/voiture/course_2025_slam_pkgs/workspace/install/perception_bolide/lib/python3.12/site-packages/perception_bolide/__init__.py to __init__.cpython-312.pyc
running install_data
creating /home/voiture/course_2025_slam_pkgs/workspace/install/perception_bolide/share/ament_index
creating /home/voiture/course_2025_slam_pkgs/workspace/install/perception_bolide/share/ament_index/resource_index
creating /home/voiture/course_2025_slam_pkgs/workspace/install/perception_bolide/share/ament_index/resource_index/packages
copying resource/perception_bolide -> /home/voiture/course_2025_slam_pkgs/workspace/install/perception_bolide/share/ament_index/resource_index/packages
copying package.xml -> /home/voiture/course_2025_slam_pkgs/workspace/install/perception_bolide/share/perception_bolide
running install_egg_info
Copying ../../build/perception_bolide/perception_bolide.egg-info to /home/voiture/course_2025_slam_pkgs/workspace/install/perception_bolide/lib/python3.12/site-packages/perception_bolide-0.0.0-py3.12.egg-info
running install_scripts
Installing stm32_publisher script to /home/voiture/course_2025_slam_pkgs/workspace/install/perception_bolide/lib/perception_bolide
writing list of installed files to '/home/voiture/course_2025_slam_pkgs/workspace/build/perception_bolide/install.log'
