[0.024s] Invoking command in '/home/voiture/course_2025_slam_pkgs/workspace/build/bolide_interfaces': CMAKE_PREFIX_PATH=${CMAKE_PREFIX_PATH}:/opt/ros/jazzy DEBUGINFOD_URLS=https://debuginfod.ubuntu.com /usr/bin/cmake --build /home/voiture/course_2025_slam_pkgs/workspace/build/bolide_interfaces -- -j4 -l4
[0.600s] -- Found ament_cmake: 2.5.3 (/opt/ros/jazzy/share/ament_cmake/cmake)
[0.680s] -- Found Python3: /usr/bin/python3 (found version "3.12.3") found components: Interpreter 
[0.926s] -- Found std_msgs: 5.3.5 (/opt/ros/jazzy/share/std_msgs/cmake)
[1.014s] -- Found rosidl_generator_c: 4.6.5 (/opt/ros/jazzy/share/rosidl_generator_c/cmake)
[1.044s] -- Found rosidl_generator_cpp: 4.6.5 (/opt/ros/jazzy/share/rosidl_generator_cpp/cmake)
[1.086s] -- Using all available rosidl_typesupport_c: rosidl_typesupport_fastrtps_c;rosidl_typesupport_introspection_c
[1.128s] -- Using all available rosidl_typesupport_cpp: rosidl_typesupport_fastrtps_cpp;rosidl_typesupport_introspection_cpp
[1.216s] -- Found sensor_msgs: 5.3.5 (/opt/ros/jazzy/share/sensor_msgs/cmake)
[1.353s] -- Found rosidl_default_generators: 1.6.0 (/opt/ros/jazzy/share/rosidl_default_generators/cmake)
[1.376s] -- Found rosidl_adapter: 4.6.5 (/opt/ros/jazzy/share/rosidl_adapter/cmake)
[1.814s] [31mCMake Error at /opt/ros/jazzy/share/rosidl_adapter/cmake/rosidl_adapt_interfaces.cmake:57 (message):
[1.814s]   execute_process(/usr/bin/python3 -m rosidl_adapter --package-name
[1.814s]   bolide_interfaces --arguments-file
[1.815s]   /home/voiture/course_2025_slam_pkgs/workspace/build/bolide_interfaces/rosidl_adapter__arguments__bolide_interfaces.json
[1.815s]   --output-dir
[1.815s]   /home/voiture/course_2025_slam_pkgs/workspace/build/bolide_interfaces/rosidl_adapter/bolide_interfaces
[1.815s]   --output-file
[1.815s]   /home/voiture/course_2025_slam_pkgs/workspace/build/bolide_interfaces/rosidl_adapter/bolide_interfaces.idls)
[1.815s]   returned error code 1:
[1.815s] 
[1.815s]   Traceback (most recent call last):
[1.816s] 
[1.816s]     File "<frozen runpy>", line 198, in _run_module_as_main
[1.816s]     File "<frozen runpy>", line 88, in _run_code
[1.816s]     File "/opt/ros/jazzy/lib/python3.12/site-packages/rosidl_adapter/__main__.py", line 19, in <module>
[1.816s]       sys.exit(main())
[1.816s]                ^^^^^^
[1.816s]     File "/opt/ros/jazzy/lib/python3.12/site-packages/rosidl_adapter/main.py", line 53, in main
[1.816s]       abs_idl_file = convert_to_idl(
[1.816s]                      ^^^^^^^^^^^^^^^
[1.817s]     File "/opt/ros/jazzy/lib/python3.12/site-packages/rosidl_adapter/__init__.py", line 24, in convert_to_idl
[1.817s]       return convert_srv_to_idl(
[1.817s]              ^^^^^^^^^^^^^^^^^^^
[1.817s]     File "/opt/ros/jazzy/lib/python3.12/site-packages/rosidl_adapter/srv/__init__.py", line 28, in convert_srv_to_idl
[1.817s]       srv = parse_service_string(package_name, input_file.stem, content)
[1.817s]             ^^^^^^^^^^^^^^^^^^^^^^^^^^^^^^^^^^^^^^^^^^^^^^^^^^^^^^^^^^^^
[1.817s]     File "/opt/ros/jazzy/lib/python3.12/site-packages/rosidl_adapter/parser.py", line 860, in parse_service_string
[1.817s]       request_message = parse_message_string(
[1.817s]                         ^^^^^^^^^^^^^^^^^^^^^
[1.817s]     File "/opt/ros/jazzy/lib/python3.12/site-packages/rosidl_adapter/parser.py", line 545, in parse_message_string
[1.818s]       msg = MessageSpecification(pkg_name, msg_name, fields, constants)
[1.818s]             ^^^^^^^^^^^^^^^^^^^^^^^^^^^^^^^^^^^^^^^^^^^^^^^^^^^^^^^^^^^
[1.818s]     File "/opt/ros/jazzy/lib/python3.12/site-packages/rosidl_adapter/parser.py", line 389, in __init__
[1.818s]       self.base_type = BaseType(
[1.818s]                        ^^^^^^^^^
[1.818s]     File "/opt/ros/jazzy/lib/python3.12/site-packages/rosidl_adapter/parser.py", line 206, in __init__
[1.818s]       raise InvalidResourceName(
[1.818s] 
[1.818s]   rosidl_adapter.parser.InvalidResourceName: 'launch_ekf_Request' is an
[1.819s]   invalid message name.  It should have the pattern '^[A-Z][A-Za-z0-9]*$'
[1.819s] 
[1.819s] Call Stack (most recent call first):
[1.819s]   /opt/ros/jazzy/share/rosidl_cmake/cmake/rosidl_generate_interfaces.cmake:132 (rosidl_adapt_interfaces)
[1.819s]   CMakeLists.txt:17 (rosidl_generate_interfaces)
[1.819s] 
[1.819s] [0m
[1.819s] -- Configuring incomplete, errors occurred!
[1.905s] gmake: *** [Makefile:1355: cmake_check_build_system] Error 1
[1.912s] Invoked command in '/home/voiture/course_2025_slam_pkgs/workspace/build/bolide_interfaces' returned '2': CMAKE_PREFIX_PATH=${CMAKE_PREFIX_PATH}:/opt/ros/jazzy DEBUGINFOD_URLS=https://debuginfod.ubuntu.com /usr/bin/cmake --build /home/voiture/course_2025_slam_pkgs/workspace/build/bolide_interfaces -- -j4 -l4
