[0.042s] Invoking command in '/home/voiture/course_2025_slam_pkgs/workspace/build/sllidar_ros2': CMAKE_PREFIX_PATH=${CMAKE_PREFIX_PATH}:/home/voiture/course_2025_slam_pkgs/workspace/install/planning_bolide:/home/voiture/course_2025_slam_pkgs/workspace/install/perception_bolide:/home/voiture/course_2025_slam_pkgs/workspace/install/control_bolide:/opt/ros/jazzy DEBUGINFOD_URLS=https://debuginfod.ubuntu.com PS1=(venv) \[\e]0;\u@\h: \w\a\]${debian_chroot:+($debian_chroot)}\[\033[01;32m\]\u@\h\[\033[00m\]:\[\033[01;34m\]\w\[\033[00m\]\$ VIRTUAL_ENV_PROMPT=(venv) /usr/bin/cmake --build /home/voiture/course_2025_slam_pkgs/workspace/build/sllidar_ros2 -- -j4 -l4
[0.177s] [ 10%] Built target sllidar_client
[0.223s] [ 15%] [32mBuilding CXX object CMakeFiles/sllidar_node.dir/src/sllidar_node.cpp.o[0m
[4.708s] In file included from [01m[K/home/voiture/course_2025_slam_pkgs/workspace/src/sllidar_ros2/./sdk/include/sl_lidar_cmd.h:41[m[K,
[4.708s]                  from [01m[K/home/voiture/course_2025_slam_pkgs/workspace/src/sllidar_ros2/./sdk/include/sl_lidar_driver.h:54[m[K,
[4.708s]                  from [01m[K/home/voiture/course_2025_slam_pkgs/workspace/src/sllidar_ros2/./sdk/include/sl_lidar.h:36[m[K,
[4.708s]                  from [01m[K/home/voiture/course_2025_slam_pkgs/workspace/src/sllidar_ros2/src/sllidar_node.cpp:38[m[K:
[4.708s] [01m[K/home/voiture/course_2025_slam_pkgs/workspace/src/sllidar_ros2/./sdk/include/sl_lidar_protocol.h:66:16:[m[K [01;35m[Kwarning: [m[KISO C++ forbids zero-size array ‘[01m[Kdata[m[K’ [[01;35m[K]8;;https://gcc.gnu.org/onlinedocs/gcc/Warning-Options.html#index-Wpedantic-Wpedantic]8;;[m[K]
[4.708s]    66 |     sl_u8 data[[01;35m[K0[m[K];
[4.708s]       |                [01;35m[K^[m[K
[4.708s] [01m[K/home/voiture/course_2025_slam_pkgs/workspace/src/sllidar_ros2/./sdk/include/sl_lidar_cmd.h:324:20:[m[K [01;35m[Kwarning: [m[KISO C++ forbids zero-size array ‘[01m[Kpayload[m[K’ [[01;35m[K]8;;https://gcc.gnu.org/onlinedocs/gcc/Warning-Options.html#index-Wpedantic-Wpedantic]8;;[m[K]
[4.708s]   324 |     sl_u8  payload[[01;35m[K0[m[K];
[4.709s]       |                    [01;35m[K^[m[K
[11.231s] [ 20%] [32m[1mLinking CXX executable sllidar_node[0m
[11.944s] [100%] Built target sllidar_node
[11.999s] Invoked command in '/home/voiture/course_2025_slam_pkgs/workspace/build/sllidar_ros2' returned '0': CMAKE_PREFIX_PATH=${CMAKE_PREFIX_PATH}:/home/voiture/course_2025_slam_pkgs/workspace/install/planning_bolide:/home/voiture/course_2025_slam_pkgs/workspace/install/perception_bolide:/home/voiture/course_2025_slam_pkgs/workspace/install/control_bolide:/opt/ros/jazzy DEBUGINFOD_URLS=https://debuginfod.ubuntu.com PS1=(venv) \[\e]0;\u@\h: \w\a\]${debian_chroot:+($debian_chroot)}\[\033[01;32m\]\u@\h\[\033[00m\]:\[\033[01;34m\]\w\[\033[00m\]\$ VIRTUAL_ENV_PROMPT=(venv) /usr/bin/cmake --build /home/voiture/course_2025_slam_pkgs/workspace/build/sllidar_ros2 -- -j4 -l4
[12.020s] Invoking command in '/home/voiture/course_2025_slam_pkgs/workspace/build/sllidar_ros2': CMAKE_PREFIX_PATH=${CMAKE_PREFIX_PATH}:/home/voiture/course_2025_slam_pkgs/workspace/install/planning_bolide:/home/voiture/course_2025_slam_pkgs/workspace/install/perception_bolide:/home/voiture/course_2025_slam_pkgs/workspace/install/control_bolide:/opt/ros/jazzy DEBUGINFOD_URLS=https://debuginfod.ubuntu.com PS1=(venv) \[\e]0;\u@\h: \w\a\]${debian_chroot:+($debian_chroot)}\[\033[01;32m\]\u@\h\[\033[00m\]:\[\033[01;34m\]\w\[\033[00m\]\$ VIRTUAL_ENV_PROMPT=(venv) /usr/bin/cmake --install /home/voiture/course_2025_slam_pkgs/workspace/build/sllidar_ros2
[12.036s] -- Install configuration: ""
[12.036s] -- Up-to-date: /home/voiture/course_2025_slam_pkgs/workspace/install/sllidar_ros2/share/sllidar_ros2/launch
[12.036s] -- Up-to-date: /home/voiture/course_2025_slam_pkgs/workspace/install/sllidar_ros2/share/sllidar_ros2/launch/sllidar_s3_launch.py
[12.037s] -- Up-to-date: /home/voiture/course_2025_slam_pkgs/workspace/install/sllidar_ros2/share/sllidar_ros2/launch/view_sllidar_t1_launch.py
[12.037s] -- Up-to-date: /home/voiture/course_2025_slam_pkgs/workspace/install/sllidar_ros2/share/sllidar_ros2/launch/view_sllidar_s2e_launch.py
[12.037s] -- Up-to-date: /home/voiture/course_2025_slam_pkgs/workspace/install/sllidar_ros2/share/sllidar_ros2/launch/sllidar_a2m8_launch.py
[12.037s] -- Up-to-date: /home/voiture/course_2025_slam_pkgs/workspace/install/sllidar_ros2/share/sllidar_ros2/launch/view_sllidar_c1_launch.py
[12.037s] -- Up-to-date: /home/voiture/course_2025_slam_pkgs/workspace/install/sllidar_ros2/share/sllidar_ros2/launch/view_sllidar_a2m12_launch.py
[12.037s] -- Up-to-date: /home/voiture/course_2025_slam_pkgs/workspace/install/sllidar_ros2/share/sllidar_ros2/launch/view_sllidar_a2m7_launch.py
[12.037s] -- Up-to-date: /home/voiture/course_2025_slam_pkgs/workspace/install/sllidar_ros2/share/sllidar_ros2/launch/sllidar_a2m7_launch.py
[12.037s] -- Up-to-date: /home/voiture/course_2025_slam_pkgs/workspace/install/sllidar_ros2/share/sllidar_ros2/launch/view_sllidar_s1_launch.py
[12.037s] -- Up-to-date: /home/voiture/course_2025_slam_pkgs/workspace/install/sllidar_ros2/share/sllidar_ros2/launch/sllidar_a3_launch.py
[12.037s] -- Up-to-date: /home/voiture/course_2025_slam_pkgs/workspace/install/sllidar_ros2/share/sllidar_ros2/launch/sllidar_c1_launch.py
[12.038s] -- Up-to-date: /home/voiture/course_2025_slam_pkgs/workspace/install/sllidar_ros2/share/sllidar_ros2/launch/sllidar_t1_launch.py
[12.038s] -- Up-to-date: /home/voiture/course_2025_slam_pkgs/workspace/install/sllidar_ros2/share/sllidar_ros2/launch/view_sllidar_a1_launch.py
[12.038s] -- Up-to-date: /home/voiture/course_2025_slam_pkgs/workspace/install/sllidar_ros2/share/sllidar_ros2/launch/view_sllidar_a3_launch.py
[12.038s] -- Up-to-date: /home/voiture/course_2025_slam_pkgs/workspace/install/sllidar_ros2/share/sllidar_ros2/launch/view_sllidar_a2m8_launch.py
[12.038s] -- Up-to-date: /home/voiture/course_2025_slam_pkgs/workspace/install/sllidar_ros2/share/sllidar_ros2/launch/sllidar_a2m12_launch .py
[12.038s] -- Up-to-date: /home/voiture/course_2025_slam_pkgs/workspace/install/sllidar_ros2/share/sllidar_ros2/launch/view_sllidar_s1_tcp_launch.py
[12.038s] -- Up-to-date: /home/voiture/course_2025_slam_pkgs/workspace/install/sllidar_ros2/share/sllidar_ros2/launch/sllidar_s2e_launch.py
[12.038s] -- Up-to-date: /home/voiture/course_2025_slam_pkgs/workspace/install/sllidar_ros2/share/sllidar_ros2/launch/sllidar_a1_launch.py
[12.038s] -- Up-to-date: /home/voiture/course_2025_slam_pkgs/workspace/install/sllidar_ros2/share/sllidar_ros2/launch/view_sllidar_s3_launch.py
[12.038s] -- Up-to-date: /home/voiture/course_2025_slam_pkgs/workspace/install/sllidar_ros2/share/sllidar_ros2/launch/sllidar_s1_launch.py
[12.038s] -- Up-to-date: /home/voiture/course_2025_slam_pkgs/workspace/install/sllidar_ros2/share/sllidar_ros2/launch/view_sllidar_s2_launch.py
[12.039s] -- Up-to-date: /home/voiture/course_2025_slam_pkgs/workspace/install/sllidar_ros2/share/sllidar_ros2/launch/sllidar_s1_tcp_launch.py
[12.039s] -- Up-to-date: /home/voiture/course_2025_slam_pkgs/workspace/install/sllidar_ros2/share/sllidar_ros2/launch/sllidar_s2_launch.py
[12.039s] -- Up-to-date: /home/voiture/course_2025_slam_pkgs/workspace/install/sllidar_ros2/share/sllidar_ros2/rviz
[12.039s] -- Up-to-date: /home/voiture/course_2025_slam_pkgs/workspace/install/sllidar_ros2/share/sllidar_ros2/rviz/sllidar_ros2.rviz
[12.039s] -- Installing: /home/voiture/course_2025_slam_pkgs/workspace/install/sllidar_ros2/lib/sllidar_ros2/sllidar_node
[12.044s] -- Set non-toolchain portion of runtime path of "/home/voiture/course_2025_slam_pkgs/workspace/install/sllidar_ros2/lib/sllidar_ros2/sllidar_node" to ""
[12.044s] -- Up-to-date: /home/voiture/course_2025_slam_pkgs/workspace/install/sllidar_ros2/lib/sllidar_ros2/sllidar_client
[12.045s] -- Up-to-date: /home/voiture/course_2025_slam_pkgs/workspace/install/sllidar_ros2/share/ament_index/resource_index/package_run_dependencies/sllidar_ros2
[12.045s] -- Up-to-date: /home/voiture/course_2025_slam_pkgs/workspace/install/sllidar_ros2/share/ament_index/resource_index/parent_prefix_path/sllidar_ros2
[12.045s] -- Up-to-date: /home/voiture/course_2025_slam_pkgs/workspace/install/sllidar_ros2/share/sllidar_ros2/environment/ament_prefix_path.sh
[12.045s] -- Up-to-date: /home/voiture/course_2025_slam_pkgs/workspace/install/sllidar_ros2/share/sllidar_ros2/environment/ament_prefix_path.dsv
[12.045s] -- Up-to-date: /home/voiture/course_2025_slam_pkgs/workspace/install/sllidar_ros2/share/sllidar_ros2/environment/path.sh
[12.045s] -- Up-to-date: /home/voiture/course_2025_slam_pkgs/workspace/install/sllidar_ros2/share/sllidar_ros2/environment/path.dsv
[12.045s] -- Up-to-date: /home/voiture/course_2025_slam_pkgs/workspace/install/sllidar_ros2/share/sllidar_ros2/local_setup.bash
[12.045s] -- Up-to-date: /home/voiture/course_2025_slam_pkgs/workspace/install/sllidar_ros2/share/sllidar_ros2/local_setup.sh
[12.045s] -- Up-to-date: /home/voiture/course_2025_slam_pkgs/workspace/install/sllidar_ros2/share/sllidar_ros2/local_setup.zsh
[12.046s] -- Up-to-date: /home/voiture/course_2025_slam_pkgs/workspace/install/sllidar_ros2/share/sllidar_ros2/local_setup.dsv
[12.046s] -- Installing: /home/voiture/course_2025_slam_pkgs/workspace/install/sllidar_ros2/share/sllidar_ros2/package.dsv
[12.046s] -- Up-to-date: /home/voiture/course_2025_slam_pkgs/workspace/install/sllidar_ros2/share/ament_index/resource_index/packages/sllidar_ros2
[12.046s] -- Up-to-date: /home/voiture/course_2025_slam_pkgs/workspace/install/sllidar_ros2/share/sllidar_ros2/cmake/ament_cmake_export_dependencies-extras.cmake
[12.046s] -- Up-to-date: /home/voiture/course_2025_slam_pkgs/workspace/install/sllidar_ros2/share/sllidar_ros2/cmake/ament_cmake_export_include_directories-extras.cmake
[12.046s] -- Up-to-date: /home/voiture/course_2025_slam_pkgs/workspace/install/sllidar_ros2/share/sllidar_ros2/cmake/sllidar_ros2Config.cmake
[12.046s] -- Up-to-date: /home/voiture/course_2025_slam_pkgs/workspace/install/sllidar_ros2/share/sllidar_ros2/cmake/sllidar_ros2Config-version.cmake
[12.046s] -- Up-to-date: /home/voiture/course_2025_slam_pkgs/workspace/install/sllidar_ros2/share/sllidar_ros2/package.xml
[12.049s] Invoked command in '/home/voiture/course_2025_slam_pkgs/workspace/build/sllidar_ros2' returned '0': CMAKE_PREFIX_PATH=${CMAKE_PREFIX_PATH}:/home/voiture/course_2025_slam_pkgs/workspace/install/planning_bolide:/home/voiture/course_2025_slam_pkgs/workspace/install/perception_bolide:/home/voiture/course_2025_slam_pkgs/workspace/install/control_bolide:/opt/ros/jazzy DEBUGINFOD_URLS=https://debuginfod.ubuntu.com PS1=(venv) \[\e]0;\u@\h: \w\a\]${debian_chroot:+($debian_chroot)}\[\033[01;32m\]\u@\h\[\033[00m\]:\[\033[01;34m\]\w\[\033[00m\]\$ VIRTUAL_ENV_PROMPT=(venv) /usr/bin/cmake --install /home/voiture/course_2025_slam_pkgs/workspace/build/sllidar_ros2
