[0.029s] Invoking command in '/home/voiture/course_2025_slam_pkgs/workspace/build/sllidar_ros2': CMAKE_PREFIX_PATH=${CMAKE_PREFIX_PATH}:/home/voiture/course_2025_slam_pkgs/workspace/install/planning_bolide:/home/voiture/course_2025_slam_pkgs/workspace/install/perception_bolide:/home/voiture/course_2025_slam_pkgs/workspace/install/control_bolide:/opt/ros/jazzy DEBUGINFOD_URLS=https://debuginfod.ubuntu.com /usr/bin/cmake --build /home/voiture/course_2025_slam_pkgs/workspace/build/sllidar_ros2 -- -j4 -l4
[0.868s] [ 15%] Built target sllidar_client
[0.868s] [ 15%] [32mBuilding CXX object CMakeFiles/sllidar_node.dir/src/sllidar_node.cpp.o[0m
[6.482s] In file included from [01m[K/home/voiture/course_2025_slam_pkgs/workspace/src/sllidar_ros2/./sdk/include/sl_lidar_cmd.h:41[m[K,
[6.482s]                  from [01m[K/home/voiture/course_2025_slam_pkgs/workspace/src/sllidar_ros2/./sdk/include/sl_lidar_driver.h:54[m[K,
[6.482s]                  from [01m[K/home/voiture/course_2025_slam_pkgs/workspace/src/sllidar_ros2/./sdk/include/sl_lidar.h:36[m[K,
[6.483s]                  from [01m[K/home/voiture/course_2025_slam_pkgs/workspace/src/sllidar_ros2/src/sllidar_node.cpp:38[m[K:
[6.483s] [01m[K/home/voiture/course_2025_slam_pkgs/workspace/src/sllidar_ros2/./sdk/include/sl_lidar_protocol.h:66:16:[m[K [01;35m[Kwarning: [m[KISO C++ forbids zero-size array ‘[01m[Kdata[m[K’ [[01;35m[K]8;;https://gcc.gnu.org/onlinedocs/gcc/Warning-Options.html#index-Wpedantic-Wpedantic]8;;[m[K]
[6.483s]    66 |     sl_u8 data[[01;35m[K0[m[K];
[6.483s]       |                [01;35m[K^[m[K
[6.485s] [01m[K/home/voiture/course_2025_slam_pkgs/workspace/src/sllidar_ros2/./sdk/include/sl_lidar_cmd.h:324:20:[m[K [01;35m[Kwarning: [m[KISO C++ forbids zero-size array ‘[01m[Kpayload[m[K’ [[01;35m[K]8;;https://gcc.gnu.org/onlinedocs/gcc/Warning-Options.html#index-Wpedantic-Wpedantic]8;;[m[K]
[6.485s]   324 |     sl_u8  payload[[01;35m[K0[m[K];
[6.485s]       |                    [01;35m[K^[m[K
[12.757s] [ 20%] [32m[1mLinking CXX executable sllidar_node[0m
[13.701s] [100%] Built target sllidar_node
[13.724s] Invoked command in '/home/voiture/course_2025_slam_pkgs/workspace/build/sllidar_ros2' returned '0': CMAKE_PREFIX_PATH=${CMAKE_PREFIX_PATH}:/home/voiture/course_2025_slam_pkgs/workspace/install/planning_bolide:/home/voiture/course_2025_slam_pkgs/workspace/install/perception_bolide:/home/voiture/course_2025_slam_pkgs/workspace/install/control_bolide:/opt/ros/jazzy DEBUGINFOD_URLS=https://debuginfod.ubuntu.com /usr/bin/cmake --build /home/voiture/course_2025_slam_pkgs/workspace/build/sllidar_ros2 -- -j4 -l4
[13.752s] Invoking command in '/home/voiture/course_2025_slam_pkgs/workspace/build/sllidar_ros2': CMAKE_PREFIX_PATH=${CMAKE_PREFIX_PATH}:/home/voiture/course_2025_slam_pkgs/workspace/install/planning_bolide:/home/voiture/course_2025_slam_pkgs/workspace/install/perception_bolide:/home/voiture/course_2025_slam_pkgs/workspace/install/control_bolide:/opt/ros/jazzy DEBUGINFOD_URLS=https://debuginfod.ubuntu.com /usr/bin/cmake --install /home/voiture/course_2025_slam_pkgs/workspace/build/sllidar_ros2
[13.775s] -- Install configuration: ""
[13.776s] -- Up-to-date: /home/voiture/course_2025_slam_pkgs/workspace/install/sllidar_ros2/share/sllidar_ros2/launch
[13.776s] -- Up-to-date: /home/voiture/course_2025_slam_pkgs/workspace/install/sllidar_ros2/share/sllidar_ros2/launch/sllidar_s3_launch.py
[13.776s] -- Up-to-date: /home/voiture/course_2025_slam_pkgs/workspace/install/sllidar_ros2/share/sllidar_ros2/launch/view_sllidar_t1_launch.py
[13.776s] -- Up-to-date: /home/voiture/course_2025_slam_pkgs/workspace/install/sllidar_ros2/share/sllidar_ros2/launch/view_sllidar_s2e_launch.py
[13.776s] -- Up-to-date: /home/voiture/course_2025_slam_pkgs/workspace/install/sllidar_ros2/share/sllidar_ros2/launch/sllidar_a2m8_launch.py
[13.776s] -- Up-to-date: /home/voiture/course_2025_slam_pkgs/workspace/install/sllidar_ros2/share/sllidar_ros2/launch/view_sllidar_c1_launch.py
[13.776s] -- Up-to-date: /home/voiture/course_2025_slam_pkgs/workspace/install/sllidar_ros2/share/sllidar_ros2/launch/view_sllidar_a2m12_launch.py
[13.777s] -- Up-to-date: /home/voiture/course_2025_slam_pkgs/workspace/install/sllidar_ros2/share/sllidar_ros2/launch/view_sllidar_a2m7_launch.py
[13.777s] -- Up-to-date: /home/voiture/course_2025_slam_pkgs/workspace/install/sllidar_ros2/share/sllidar_ros2/launch/sllidar_a2m7_launch.py
[13.777s] -- Up-to-date: /home/voiture/course_2025_slam_pkgs/workspace/install/sllidar_ros2/share/sllidar_ros2/launch/view_sllidar_s1_launch.py
[13.777s] -- Up-to-date: /home/voiture/course_2025_slam_pkgs/workspace/install/sllidar_ros2/share/sllidar_ros2/launch/sllidar_a3_launch.py
[13.777s] -- Up-to-date: /home/voiture/course_2025_slam_pkgs/workspace/install/sllidar_ros2/share/sllidar_ros2/launch/sllidar_c1_launch.py
[13.777s] -- Up-to-date: /home/voiture/course_2025_slam_pkgs/workspace/install/sllidar_ros2/share/sllidar_ros2/launch/sllidar_t1_launch.py
[13.777s] -- Up-to-date: /home/voiture/course_2025_slam_pkgs/workspace/install/sllidar_ros2/share/sllidar_ros2/launch/view_sllidar_a1_launch.py
[13.777s] -- Up-to-date: /home/voiture/course_2025_slam_pkgs/workspace/install/sllidar_ros2/share/sllidar_ros2/launch/view_sllidar_a3_launch.py
[13.777s] -- Up-to-date: /home/voiture/course_2025_slam_pkgs/workspace/install/sllidar_ros2/share/sllidar_ros2/launch/view_sllidar_a2m8_launch.py
[13.777s] -- Up-to-date: /home/voiture/course_2025_slam_pkgs/workspace/install/sllidar_ros2/share/sllidar_ros2/launch/sllidar_a2m12_launch .py
[13.777s] -- Up-to-date: /home/voiture/course_2025_slam_pkgs/workspace/install/sllidar_ros2/share/sllidar_ros2/launch/view_sllidar_s1_tcp_launch.py
[13.777s] -- Up-to-date: /home/voiture/course_2025_slam_pkgs/workspace/install/sllidar_ros2/share/sllidar_ros2/launch/sllidar_s2e_launch.py
[13.778s] -- Up-to-date: /home/voiture/course_2025_slam_pkgs/workspace/install/sllidar_ros2/share/sllidar_ros2/launch/sllidar_a1_launch.py
[13.778s] -- Up-to-date: /home/voiture/course_2025_slam_pkgs/workspace/install/sllidar_ros2/share/sllidar_ros2/launch/view_sllidar_s3_launch.py
[13.778s] -- Up-to-date: /home/voiture/course_2025_slam_pkgs/workspace/install/sllidar_ros2/share/sllidar_ros2/launch/sllidar_s1_launch.py
[13.778s] -- Up-to-date: /home/voiture/course_2025_slam_pkgs/workspace/install/sllidar_ros2/share/sllidar_ros2/launch/view_sllidar_s2_launch.py
[13.778s] -- Up-to-date: /home/voiture/course_2025_slam_pkgs/workspace/install/sllidar_ros2/share/sllidar_ros2/launch/sllidar_s1_tcp_launch.py
[13.778s] -- Up-to-date: /home/voiture/course_2025_slam_pkgs/workspace/install/sllidar_ros2/share/sllidar_ros2/launch/sllidar_s2_launch.py
[13.778s] -- Up-to-date: /home/voiture/course_2025_slam_pkgs/workspace/install/sllidar_ros2/share/sllidar_ros2/rviz
[13.778s] -- Up-to-date: /home/voiture/course_2025_slam_pkgs/workspace/install/sllidar_ros2/share/sllidar_ros2/rviz/sllidar_ros2.rviz
[13.779s] -- Installing: /home/voiture/course_2025_slam_pkgs/workspace/install/sllidar_ros2/lib/sllidar_ros2/sllidar_node
[13.786s] -- Set non-toolchain portion of runtime path of "/home/voiture/course_2025_slam_pkgs/workspace/install/sllidar_ros2/lib/sllidar_ros2/sllidar_node" to ""
[13.789s] -- Up-to-date: /home/voiture/course_2025_slam_pkgs/workspace/install/sllidar_ros2/lib/sllidar_ros2/sllidar_client
[13.789s] -- Up-to-date: /home/voiture/course_2025_slam_pkgs/workspace/install/sllidar_ros2/share/ament_index/resource_index/package_run_dependencies/sllidar_ros2
[13.789s] -- Up-to-date: /home/voiture/course_2025_slam_pkgs/workspace/install/sllidar_ros2/share/ament_index/resource_index/parent_prefix_path/sllidar_ros2
[13.789s] -- Up-to-date: /home/voiture/course_2025_slam_pkgs/workspace/install/sllidar_ros2/share/sllidar_ros2/environment/ament_prefix_path.sh
[13.789s] -- Up-to-date: /home/voiture/course_2025_slam_pkgs/workspace/install/sllidar_ros2/share/sllidar_ros2/environment/ament_prefix_path.dsv
[13.789s] -- Up-to-date: /home/voiture/course_2025_slam_pkgs/workspace/install/sllidar_ros2/share/sllidar_ros2/environment/path.sh
[13.789s] -- Up-to-date: /home/voiture/course_2025_slam_pkgs/workspace/install/sllidar_ros2/share/sllidar_ros2/environment/path.dsv
[13.790s] -- Up-to-date: /home/voiture/course_2025_slam_pkgs/workspace/install/sllidar_ros2/share/sllidar_ros2/local_setup.bash
[13.790s] -- Up-to-date: /home/voiture/course_2025_slam_pkgs/workspace/install/sllidar_ros2/share/sllidar_ros2/local_setup.sh
[13.790s] -- Up-to-date: /home/voiture/course_2025_slam_pkgs/workspace/install/sllidar_ros2/share/sllidar_ros2/local_setup.zsh
[13.790s] -- Up-to-date: /home/voiture/course_2025_slam_pkgs/workspace/install/sllidar_ros2/share/sllidar_ros2/local_setup.dsv
[13.790s] -- Installing: /home/voiture/course_2025_slam_pkgs/workspace/install/sllidar_ros2/share/sllidar_ros2/package.dsv
[13.790s] -- Up-to-date: /home/voiture/course_2025_slam_pkgs/workspace/install/sllidar_ros2/share/ament_index/resource_index/packages/sllidar_ros2
[13.790s] -- Up-to-date: /home/voiture/course_2025_slam_pkgs/workspace/install/sllidar_ros2/share/sllidar_ros2/cmake/ament_cmake_export_dependencies-extras.cmake
[13.791s] -- Up-to-date: /home/voiture/course_2025_slam_pkgs/workspace/install/sllidar_ros2/share/sllidar_ros2/cmake/ament_cmake_export_include_directories-extras.cmake
[13.791s] -- Up-to-date: /home/voiture/course_2025_slam_pkgs/workspace/install/sllidar_ros2/share/sllidar_ros2/cmake/sllidar_ros2Config.cmake
[13.791s] -- Up-to-date: /home/voiture/course_2025_slam_pkgs/workspace/install/sllidar_ros2/share/sllidar_ros2/cmake/sllidar_ros2Config-version.cmake
[13.791s] -- Up-to-date: /home/voiture/course_2025_slam_pkgs/workspace/install/sllidar_ros2/share/sllidar_ros2/package.xml
[13.794s] Invoked command in '/home/voiture/course_2025_slam_pkgs/workspace/build/sllidar_ros2' returned '0': CMAKE_PREFIX_PATH=${CMAKE_PREFIX_PATH}:/home/voiture/course_2025_slam_pkgs/workspace/install/planning_bolide:/home/voiture/course_2025_slam_pkgs/workspace/install/perception_bolide:/home/voiture/course_2025_slam_pkgs/workspace/install/control_bolide:/opt/ros/jazzy DEBUGINFOD_URLS=https://debuginfod.ubuntu.com /usr/bin/cmake --install /home/voiture/course_2025_slam_pkgs/workspace/build/sllidar_ros2
